running egg_info
creating ../../build/robot_patrol/robot_patrol.egg-info
writing ../../build/robot_patrol/robot_patrol.egg-info/PKG-INFO
writing dependency_links to ../../build/robot_patrol/robot_patrol.egg-info/dependency_links.txt
writing entry points to ../../build/robot_patrol/robot_patrol.egg-info/entry_points.txt
writing requirements to ../../build/robot_patrol/robot_patrol.egg-info/requires.txt
writing top-level names to ../../build/robot_patrol/robot_patrol.egg-info/top_level.txt
writing manifest file '../../build/robot_patrol/robot_patrol.egg-info/SOURCES.txt'
reading manifest file '../../build/robot_patrol/robot_patrol.egg-info/SOURCES.txt'
adding license file 'LICENSE'
writing manifest file '../../build/robot_patrol/robot_patrol.egg-info/SOURCES.txt'
running build
running build_py
creating /home/cyber/Desktop/HomeBot-ROS2-Navigation-main/build/robot_patrol/build
creating /home/cyber/Desktop/HomeBot-ROS2-Navigation-main/build/robot_patrol/build/lib
creating /home/cyber/Desktop/HomeBot-ROS2-Navigation-main/build/robot_patrol/build/lib/robot_patrol
copying robot_patrol/__init__.py -> /home/cyber/Desktop/HomeBot-ROS2-Navigation-main/build/robot_patrol/build/lib/robot_patrol
copying robot_patrol/house_patrol.py -> /home/cyber/Desktop/HomeBot-ROS2-Navigation-main/build/robot_patrol/build/lib/robot_patrol
running install
running install_lib
creating /home/cyber/Desktop/HomeBot-ROS2-Navigation-main/install/robot_patrol/lib/python3.10/site-packages/robot_patrol
copying /home/cyber/Desktop/HomeBot-ROS2-Navigation-main/build/robot_patrol/build/lib/robot_patrol/__init__.py -> /home/cyber/Desktop/HomeBot-ROS2-Navigation-main/install/robot_patrol/lib/python3.10/site-packages/robot_patrol
copying /home/cyber/Desktop/HomeBot-ROS2-Navigation-main/build/robot_patrol/build/lib/robot_patrol/house_patrol.py -> /home/cyber/Desktop/HomeBot-ROS2-Navigation-main/install/robot_patrol/lib/python3.10/site-packages/robot_patrol
byte-compiling /home/cyber/Desktop/HomeBot-ROS2-Navigation-main/install/robot_patrol/lib/python3.10/site-packages/robot_patrol/__init__.py to __init__.cpython-310.pyc
byte-compiling /home/cyber/Desktop/HomeBot-ROS2-Navigation-main/install/robot_patrol/lib/python3.10/site-packages/robot_patrol/house_patrol.py to house_patrol.cpython-310.pyc
running install_data
creating /home/cyber/Desktop/HomeBot-ROS2-Navigation-main/install/robot_patrol/share/ament_index
creating /home/cyber/Desktop/HomeBot-ROS2-Navigation-main/install/robot_patrol/share/ament_index/resource_index
creating /home/cyber/Desktop/HomeBot-ROS2-Navigation-main/install/robot_patrol/share/ament_index/resource_index/packages
copying resource/robot_patrol -> /home/cyber/Desktop/HomeBot-ROS2-Navigation-main/install/robot_patrol/share/ament_index/resource_index/packages
copying package.xml -> /home/cyber/Desktop/HomeBot-ROS2-Navigation-main/install/robot_patrol/share/robot_patrol
running install_egg_info
Copying ../../build/robot_patrol/robot_patrol.egg-info to /home/cyber/Desktop/HomeBot-ROS2-Navigation-main/install/robot_patrol/lib/python3.10/site-packages/robot_patrol-0.0.0-py3.10.egg-info
running install_scripts
Installing robot_patrol script to /home/cyber/Desktop/HomeBot-ROS2-Navigation-main/install/robot_patrol/lib/robot_patrol
writing list of installed files to '/home/cyber/Desktop/HomeBot-ROS2-Navigation-main/build/robot_patrol/install.log'
