-- The C compiler identification is GNU 11.4.0
-- The CXX compiler identification is GNU 11.4.0
-- Detecting C compiler ABI info
-- Detecting C compiler ABI info - done
-- Check for working C compiler: /usr/bin/cc - skipped
-- Detecting C compile features
-- Detecting C compile features - done
-- Detecting CXX compiler ABI info
-- Detecting CXX compiler ABI info - done
-- Check for working CXX compiler: /usr/bin/c++ - skipped
-- Detecting CXX compile features
-- Detecting CXX compile features - done
-- Found ament_cmake: 1.3.9 (/opt/ros/humble/share/ament_cmake/cmake)
-- Found Python3: /usr/bin/python3 (found version "3.10.12") found components: Interpreter 
-- Found xacro: 2.0.8 (/opt/ros/humble/share/xacro/cmake)
-- Found urdf: 2.6.0 (/opt/ros/humble/share/urdf/cmake)
-- Found gazebo_ros: 3.7.0 (/opt/ros/humble/share/gazebo_ros/cmake)
-- Found rosidl_generator_c: 3.1.5 (/opt/ros/humble/share/rosidl_generator_c/cmake)
-- Found rosidl_adapter: 3.1.5 (/opt/ros/humble/share/rosidl_adapter/cmake)
-- Found rosidl_generator_cpp: 3.1.5 (/opt/ros/humble/share/rosidl_generator_cpp/cmake)
-- Using all available rosidl_typesupport_c: rosidl_typesupport_fastrtps_c;rosidl_typesupport_introspection_c
-- Using all available rosidl_typesupport_cpp: rosidl_typesupport_fastrtps_cpp;rosidl_typesupport_introspection_cpp
-- Found rmw_implementation_cmake: 6.1.2 (/opt/ros/humble/share/rmw_implementation_cmake/cmake)
-- Found rmw_fastrtps_cpp: 6.2.6 (/opt/ros/humble/share/rmw_fastrtps_cpp/cmake)
-- Found TinyXML2 via Config file: TinyXML2_DIR-NOTFOUND
-- Found OpenSSL: /usr/lib/x86_64-linux-gnu/libcrypto.so (found version "3.0.2")  
-- Found TinyXML2 via Config file: TinyXML2_DIR-NOTFOUND
-- Found FastRTPS: /opt/ros/humble/include  
-- Found TinyXML2 via Config file: TinyXML2_DIR-NOTFOUND
-- Found TinyXML2 via Config file: TinyXML2_DIR-NOTFOUND
-- Using RMW implementation 'rmw_fastrtps_cpp' as default
-- Looking for pthread.h
-- Looking for pthread.h - found
-- Performing Test CMAKE_HAVE_LIBC_PTHREAD
-- Performing Test CMAKE_HAVE_LIBC_PTHREAD - Success
-- Found Threads: TRUE  
-- Found PkgConfig: /usr/bin/pkg-config (found version "0.29.2") 
-- Checking for module 'bullet>=2.82'
--   Found bullet, version 3.05
-- Found fcl: /usr/include (found suitable version "0.7.0", minimum required is "0.5.0") 
-- Found assimp: /usr/include (found version "5.2.0") 
-- Found DART: /usr/include (Required is at least version "6.6") found components: dart 
-- Found Boost: /usr/lib/x86_64-linux-gnu/cmake/Boost-1.74.0/BoostConfig.cmake (found suitable version "1.74.0", minimum required is "1.40.0") found components: thread system filesystem program_options regex iostreams date_time 
-- Found Protobuf: /usr/lib/x86_64-linux-gnu/libprotobuf.so (found version "3.12.4") 
-- Looking for ignition-math6 -- found version 6.15.1
-- Searching for dependencies of ignition-math6
-- Looking for OGRE...
-- OGRE_PREFIX_WATCH changed.
-- Checking for module 'OGRE'
--   Found OGRE, version 1.9.0
-- Found Ogre Ghadamon (1.9.0)
-- Found OGRE: optimized;/usr/lib/x86_64-linux-gnu/libOgreMain.so;debug;/usr/lib/x86_64-linux-gnu/libOgreMain.so
-- Looking for OGRE_Paging...
-- Found OGRE_Paging: optimized;/usr/lib/x86_64-linux-gnu/libOgrePaging.so;debug;/usr/lib/x86_64-linux-gnu/libOgrePaging.so
-- Looking for OGRE_Terrain...
-- Found OGRE_Terrain: optimized;/usr/lib/x86_64-linux-gnu/libOgreTerrain.so;debug;/usr/lib/x86_64-linux-gnu/libOgreTerrain.so
-- Looking for OGRE_Property...
-- Found OGRE_Property: optimized;/usr/lib/x86_64-linux-gnu/libOgreProperty.so;debug;/usr/lib/x86_64-linux-gnu/libOgreProperty.so
-- Looking for OGRE_RTShaderSystem...
-- Found OGRE_RTShaderSystem: optimized;/usr/lib/x86_64-linux-gnu/libOgreRTShaderSystem.so;debug;/usr/lib/x86_64-linux-gnu/libOgreRTShaderSystem.so
-- Looking for OGRE_Volume...
-- Found OGRE_Volume: optimized;/usr/lib/x86_64-linux-gnu/libOgreVolume.so;debug;/usr/lib/x86_64-linux-gnu/libOgreVolume.so
-- Looking for OGRE_Overlay...
-- Found OGRE_Overlay: optimized;/usr/lib/x86_64-linux-gnu/libOgreOverlay.so;debug;/usr/lib/x86_64-linux-gnu/libOgreOverlay.so
-- Looking for ignition-math6 -- found version 6.15.1
-- Looking for ignition-transport8 -- found version 8.2.1
-- Searching for dependencies of ignition-transport8
-- Found Protobuf: /usr/lib/x86_64-linux-gnu/libprotobuf.so (found suitable version "3.12.4", minimum required is "3") 
-- Config-file not installed for ZeroMQ -- checking for pkg-config
-- Checking for module 'libzmq >= 4'
--   Found libzmq , version 4.3.4
-- Found ZeroMQ: TRUE (Required is at least version "4") 
-- Checking for module 'uuid'
--   Found uuid, version 2.37.2
-- Found UUID: TRUE  
-- Looking for ignition-msgs5 -- found version 5.8.1
-- Searching for dependencies of ignition-msgs5
-- Looking for ignition-math6 -- found version 6.15.1
-- Checking for module 'tinyxml2'
--   Found tinyxml2, version 9.0.0
-- Looking for ignition-msgs5 -- found version 5.8.1
-- Looking for ignition-common3 -- found version 3.14.0
-- Searching for dependencies of ignition-common3
-- Looking for dlfcn.h - found
-- Looking for libdl - found
-- Found DL: TRUE  
-- Found tinyobjloader: /usr/lib/x86_64-linux-gnu/cmake/tinyobjloader/tinyobjloader-config.cmake (found version "2.0.0") 
-- Searching for <ignition-common3> component [graphics]
-- Looking for ignition-common3-graphics -- found version 3.14.0
-- Searching for dependencies of ignition-common3-graphics
-- Looking for ignition-math6 -- found version 6.15.1
-- Looking for ignition-fuel_tools4 -- found version 4.4.0
-- Searching for dependencies of ignition-fuel_tools4
-- Found CURL: /usr/lib/x86_64-linux-gnu/libcurl.so (found version "7.81.0")  
-- Checking for module 'jsoncpp'
--   Found jsoncpp, version 1.9.5
-- Found JSONCPP: TRUE  
-- Checking for module 'libzip'
--   Found libzip, version 1.7.3
-- Found ZIP: TRUE  
-- Looking for ignition-common3 -- found version 3.14.0
-- Looking for ignition-math6 -- found version 6.15.1
-- Looking for ignition-msgs5 -- found version 5.8.1
-- Gazebo version: 11.10
-- Checking for module 'tbb'
--   Found tbb, version 2021.5.0
-- Configuring done
-- Generating done
-- Build files have been written to: /home/cyber/Desktop/HomeBot-ROS2-Navigation-main/build/robot_description
-- Install configuration: ""
-- Installing: /home/cyber/Desktop/HomeBot-ROS2-Navigation-main/install/robot_description/share/robot_description/launch
-- Installing: /home/cyber/Desktop/HomeBot-ROS2-Navigation-main/install/robot_description/share/robot_description/launch/gazebo.launch.xml
-- Installing: /home/cyber/Desktop/HomeBot-ROS2-Navigation-main/install/robot_description/share/robot_description/launch/display.launch.xml
-- Installing: /home/cyber/Desktop/HomeBot-ROS2-Navigation-main/install/robot_description/share/robot_description/urdf
-- Installing: /home/cyber/Desktop/HomeBot-ROS2-Navigation-main/install/robot_description/share/robot_description/urdf/lidar.xacro
-- Installing: /home/cyber/Desktop/HomeBot-ROS2-Navigation-main/install/robot_description/share/robot_description/urdf/common_properties.xacro
-- Installing: /home/cyber/Desktop/HomeBot-ROS2-Navigation-main/install/robot_description/share/robot_description/urdf/mobile_robot_base.xacro
-- Installing: /home/cyber/Desktop/HomeBot-ROS2-Navigation-main/install/robot_description/share/robot_description/urdf/camera.xacro
-- Installing: /home/cyber/Desktop/HomeBot-ROS2-Navigation-main/install/robot_description/share/robot_description/urdf/mobile_robot.urdf.xacro
-- Installing: /home/cyber/Desktop/HomeBot-ROS2-Navigation-main/install/robot_description/share/robot_description/urdf/mobile_robot_gazebo.xacro
-- Installing: /home/cyber/Desktop/HomeBot-ROS2-Navigation-main/install/robot_description/share/robot_description/meshes
-- Installing: /home/cyber/Desktop/HomeBot-ROS2-Navigation-main/install/robot_description/share/robot_description/meshes/wheel.dae
-- Installing: /home/cyber/Desktop/HomeBot-ROS2-Navigation-main/install/robot_description/share/robot_description/meshes/motor.dae
-- Installing: /home/cyber/Desktop/HomeBot-ROS2-Navigation-main/install/robot_description/share/robot_description/meshes/rplidar.dae
-- Installing: /home/cyber/Desktop/HomeBot-ROS2-Navigation-main/install/robot_description/share/robot_description/meshes/camera.dae
-- Installing: /home/cyber/Desktop/HomeBot-ROS2-Navigation-main/install/robot_description/share/robot_description/meshes/ubase_link.dae
-- Installing: /home/cyber/Desktop/HomeBot-ROS2-Navigation-main/install/robot_description/share/robot_description/meshes/base_link.dae
-- Installing: /home/cyber/Desktop/HomeBot-ROS2-Navigation-main/install/robot_description/share/robot_description/rviz
-- Installing: /home/cyber/Desktop/HomeBot-ROS2-Navigation-main/install/robot_description/share/robot_description/rviz/urdf_config.rviz
-- Installing: /home/cyber/Desktop/HomeBot-ROS2-Navigation-main/install/robot_description/share/robot_description/rviz/gazebo_config.rviz
-- Installing: /home/cyber/Desktop/HomeBot-ROS2-Navigation-main/install/robot_description/share/ament_index/resource_index/package_run_dependencies/robot_description
-- Installing: /home/cyber/Desktop/HomeBot-ROS2-Navigation-main/install/robot_description/share/ament_index/resource_index/parent_prefix_path/robot_description
-- Installing: /home/cyber/Desktop/HomeBot-ROS2-Navigation-main/install/robot_description/share/robot_description/environment/ament_prefix_path.sh
-- Installing: /home/cyber/Desktop/HomeBot-ROS2-Navigation-main/install/robot_description/share/robot_description/environment/ament_prefix_path.dsv
-- Installing: /home/cyber/Desktop/HomeBot-ROS2-Navigation-main/install/robot_description/share/robot_description/environment/path.sh
-- Installing: /home/cyber/Desktop/HomeBot-ROS2-Navigation-main/install/robot_description/share/robot_description/environment/path.dsv
-- Installing: /home/cyber/Desktop/HomeBot-ROS2-Navigation-main/install/robot_description/share/robot_description/local_setup.bash
-- Installing: /home/cyber/Desktop/HomeBot-ROS2-Navigation-main/install/robot_description/share/robot_description/local_setup.sh
-- Installing: /home/cyber/Desktop/HomeBot-ROS2-Navigation-main/install/robot_description/share/robot_description/local_setup.zsh
-- Installing: /home/cyber/Desktop/HomeBot-ROS2-Navigation-main/install/robot_description/share/robot_description/local_setup.dsv
-- Installing: /home/cyber/Desktop/HomeBot-ROS2-Navigation-main/install/robot_description/share/robot_description/package.dsv
-- Installing: /home/cyber/Desktop/HomeBot-ROS2-Navigation-main/install/robot_description/share/ament_index/resource_index/packages/robot_description
-- Installing: /home/cyber/Desktop/HomeBot-ROS2-Navigation-main/install/robot_description/share/robot_description/cmake/robot_descriptionConfig.cmake
-- Installing: /home/cyber/Desktop/HomeBot-ROS2-Navigation-main/install/robot_description/share/robot_description/cmake/robot_descriptionConfig-version.cmake
-- Installing: /home/cyber/Desktop/HomeBot-ROS2-Navigation-main/install/robot_description/share/robot_description/package.xml
