[0.009s] Invoking command in '/home/cyber/Desktop/HomeBot-ROS2-Navigation-main/build/robot_description': CMAKE_PREFIX_PATH=/opt/ros/humble /usr/bin/cmake /home/cyber/Desktop/HomeBot-ROS2-Navigation-main/src/robot_description -DCMAKE_INSTALL_PREFIX=/home/cyber/Desktop/HomeBot-ROS2-Navigation-main/install/robot_description
[0.738s] -- The C compiler identification is GNU 11.4.0
[1.343s] -- The CXX compiler identification is GNU 11.4.0
[1.496s] -- Detecting C compiler ABI info
[1.680s] -- Detecting C compiler ABI info - done
[1.685s] -- Check for working C compiler: /usr/bin/cc - skipped
[1.687s] -- Detecting C compile features
[1.701s] -- Detecting C compile features - done
[1.775s] -- Detecting CXX compiler ABI info
[1.953s] -- Detecting CXX compiler ABI info - done
[1.958s] -- Check for working CXX compiler: /usr/bin/c++ - skipped
[1.958s] -- Detecting CXX compile features
[1.959s] -- Detecting CXX compile features - done
[2.076s] -- Found ament_cmake: 1.3.9 (/opt/ros/humble/share/ament_cmake/cmake)
[2.442s] -- Found Python3: /usr/bin/python3 (found version "3.10.12") found components: Interpreter 
[2.879s] -- Found xacro: 2.0.8 (/opt/ros/humble/share/xacro/cmake)
[2.896s] -- Found urdf: 2.6.0 (/opt/ros/humble/share/urdf/cmake)
[3.212s] -- Found gazebo_ros: 3.7.0 (/opt/ros/humble/share/gazebo_ros/cmake)
[3.354s] -- Found rosidl_generator_c: 3.1.5 (/opt/ros/humble/share/rosidl_generator_c/cmake)
[3.368s] -- Found rosidl_adapter: 3.1.5 (/opt/ros/humble/share/rosidl_adapter/cmake)
[3.378s] -- Found rosidl_generator_cpp: 3.1.5 (/opt/ros/humble/share/rosidl_generator_cpp/cmake)
[3.394s] -- Using all available rosidl_typesupport_c: rosidl_typesupport_fastrtps_c;rosidl_typesupport_introspection_c
[3.418s] -- Using all available rosidl_typesupport_cpp: rosidl_typesupport_fastrtps_cpp;rosidl_typesupport_introspection_cpp
[3.502s] -- Found rmw_implementation_cmake: 6.1.2 (/opt/ros/humble/share/rmw_implementation_cmake/cmake)
[3.518s] -- Found rmw_fastrtps_cpp: 6.2.6 (/opt/ros/humble/share/rmw_fastrtps_cpp/cmake)
[3.588s] -- Found TinyXML2 via Config file: TinyXML2_DIR-NOTFOUND
[3.655s] -- Found OpenSSL: /usr/lib/x86_64-linux-gnu/libcrypto.so (found version "3.0.2")  
[3.657s] -- Found TinyXML2 via Config file: TinyXML2_DIR-NOTFOUND
[3.668s] -- Found FastRTPS: /opt/ros/humble/include  
[3.674s] -- Found TinyXML2 via Config file: TinyXML2_DIR-NOTFOUND
[3.680s] -- Found TinyXML2 via Config file: TinyXML2_DIR-NOTFOUND
[3.687s] -- Using RMW implementation 'rmw_fastrtps_cpp' as default
[3.746s] -- Looking for pthread.h
[3.853s] -- Looking for pthread.h - found
[3.853s] -- Performing Test CMAKE_HAVE_LIBC_PTHREAD
[3.953s] -- Performing Test CMAKE_HAVE_LIBC_PTHREAD - Success
[3.954s] -- Found Threads: TRUE  
[4.512s] -- Found PkgConfig: /usr/bin/pkg-config (found version "0.29.2") 
[4.513s] -- Checking for module 'bullet>=2.82'
[4.544s] --   Found bullet, version 3.05
[4.730s] -- Found fcl: /usr/include (found suitable version "0.7.0", minimum required is "0.5.0") 
[4.771s] -- Found assimp: /usr/include (found version "5.2.0") 
[4.853s] -- Found DART: /usr/include (Required is at least version "6.6") found components: dart 
[5.004s] -- Found Boost: /usr/lib/x86_64-linux-gnu/cmake/Boost-1.74.0/BoostConfig.cmake (found suitable version "1.74.0", minimum required is "1.40.0") found components: thread system filesystem program_options regex iostreams date_time 
[5.178s] -- Found Protobuf: /usr/lib/x86_64-linux-gnu/libprotobuf.so (found version "3.12.4") 
[5.215s] -- Looking for ignition-math6 -- found version 6.15.1
[5.274s] -- Searching for dependencies of ignition-math6
[5.288s] -- Looking for OGRE...
[5.289s] -- OGRE_PREFIX_WATCH changed.
[5.297s] -- Checking for module 'OGRE'
[5.314s] --   Found OGRE, version 1.9.0
[5.355s] -- Found Ogre Ghadamon (1.9.0)
[5.372s] -- Found OGRE: optimized;/usr/lib/x86_64-linux-gnu/libOgreMain.so;debug;/usr/lib/x86_64-linux-gnu/libOgreMain.so
[5.382s] -- Looking for OGRE_Paging...
[5.385s] -- Found OGRE_Paging: optimized;/usr/lib/x86_64-linux-gnu/libOgrePaging.so;debug;/usr/lib/x86_64-linux-gnu/libOgrePaging.so
[5.385s] -- Looking for OGRE_Terrain...
[5.389s] -- Found OGRE_Terrain: optimized;/usr/lib/x86_64-linux-gnu/libOgreTerrain.so;debug;/usr/lib/x86_64-linux-gnu/libOgreTerrain.so
[5.389s] -- Looking for OGRE_Property...
[5.392s] -- Found OGRE_Property: optimized;/usr/lib/x86_64-linux-gnu/libOgreProperty.so;debug;/usr/lib/x86_64-linux-gnu/libOgreProperty.so
[5.392s] -- Looking for OGRE_RTShaderSystem...
[5.395s] -- Found OGRE_RTShaderSystem: optimized;/usr/lib/x86_64-linux-gnu/libOgreRTShaderSystem.so;debug;/usr/lib/x86_64-linux-gnu/libOgreRTShaderSystem.so
[5.395s] -- Looking for OGRE_Volume...
[5.398s] -- Found OGRE_Volume: optimized;/usr/lib/x86_64-linux-gnu/libOgreVolume.so;debug;/usr/lib/x86_64-linux-gnu/libOgreVolume.so
[5.398s] -- Looking for OGRE_Overlay...
[5.401s] -- Found OGRE_Overlay: optimized;/usr/lib/x86_64-linux-gnu/libOgreOverlay.so;debug;/usr/lib/x86_64-linux-gnu/libOgreOverlay.so
[5.468s] -- Looking for ignition-math6 -- found version 6.15.1
[5.479s] -- Looking for ignition-transport8 -- found version 8.2.1
[5.479s] -- Searching for dependencies of ignition-transport8
[5.491s] -- Found Protobuf: /usr/lib/x86_64-linux-gnu/libprotobuf.so (found suitable version "3.12.4", minimum required is "3") 
[5.498s] -- Config-file not installed for ZeroMQ -- checking for pkg-config
[5.502s] -- Checking for module 'libzmq >= 4'
[5.603s] --   Found libzmq , version 4.3.4
[5.631s] -- Found ZeroMQ: TRUE (Required is at least version "4") 
[5.655s] -- Checking for module 'uuid'
[5.686s] --   Found uuid, version 2.37.2
[5.710s] -- Found UUID: TRUE  
[5.729s] -- Looking for ignition-msgs5 -- found version 5.8.1
[5.730s] -- Searching for dependencies of ignition-msgs5
[5.750s] -- Looking for ignition-math6 -- found version 6.15.1
[5.753s] -- Checking for module 'tinyxml2'
[5.767s] --   Found tinyxml2, version 9.0.0
[5.789s] -- Looking for ignition-msgs5 -- found version 5.8.1
[5.797s] -- Looking for ignition-common3 -- found version 3.14.0
[5.798s] -- Searching for dependencies of ignition-common3
[5.798s] -- Looking for dlfcn.h - found
[5.799s] -- Looking for libdl - found
[5.800s] -- Found DL: TRUE  
[5.809s] -- Found tinyobjloader: /usr/lib/x86_64-linux-gnu/cmake/tinyobjloader/tinyobjloader-config.cmake (found version "2.0.0") 
[5.810s] -- Searching for <ignition-common3> component [graphics]
[5.811s] -- Looking for ignition-common3-graphics -- found version 3.14.0
[5.812s] -- Searching for dependencies of ignition-common3-graphics
[5.812s] -- Looking for ignition-math6 -- found version 6.15.1
[5.814s] -- Looking for ignition-fuel_tools4 -- found version 4.4.0
[5.814s] -- Searching for dependencies of ignition-fuel_tools4
[5.871s] -- Found CURL: /usr/lib/x86_64-linux-gnu/libcurl.so (found version "7.81.0")  
[5.890s] -- Checking for module 'jsoncpp'
[5.900s] --   Found jsoncpp, version 1.9.5
[5.922s] -- Found JSONCPP: TRUE  
[5.926s] -- Checking for module 'libzip'
[5.961s] --   Found libzip, version 1.7.3
[5.984s] -- Found ZIP: TRUE  
[5.984s] -- Looking for ignition-common3 -- found version 3.14.0
[5.985s] -- Looking for ignition-math6 -- found version 6.15.1
[5.985s] -- Looking for ignition-msgs5 -- found version 5.8.1
[5.998s] -- Gazebo version: 11.10
[5.999s] -- Checking for module 'tbb'
[6.014s] --   Found tbb, version 2021.5.0
[6.148s] -- Configuring done
[6.155s] -- Generating done
[6.157s] -- Build files have been written to: /home/cyber/Desktop/HomeBot-ROS2-Navigation-main/build/robot_description
[6.167s] Invoked command in '/home/cyber/Desktop/HomeBot-ROS2-Navigation-main/build/robot_description' returned '0': CMAKE_PREFIX_PATH=/opt/ros/humble /usr/bin/cmake /home/cyber/Desktop/HomeBot-ROS2-Navigation-main/src/robot_description -DCMAKE_INSTALL_PREFIX=/home/cyber/Desktop/HomeBot-ROS2-Navigation-main/install/robot_description
[6.169s] Invoking command in '/home/cyber/Desktop/HomeBot-ROS2-Navigation-main/build/robot_description': CMAKE_PREFIX_PATH=/opt/ros/humble /usr/bin/cmake --build /home/cyber/Desktop/HomeBot-ROS2-Navigation-main/build/robot_description -- -j4 -l4
[6.198s] Invoked command in '/home/cyber/Desktop/HomeBot-ROS2-Navigation-main/build/robot_description' returned '0': CMAKE_PREFIX_PATH=/opt/ros/humble /usr/bin/cmake --build /home/cyber/Desktop/HomeBot-ROS2-Navigation-main/build/robot_description -- -j4 -l4
[6.218s] Invoking command in '/home/cyber/Desktop/HomeBot-ROS2-Navigation-main/build/robot_description': CMAKE_PREFIX_PATH=/opt/ros/humble /usr/bin/cmake --install /home/cyber/Desktop/HomeBot-ROS2-Navigation-main/build/robot_description
[6.223s] -- Install configuration: ""
[6.223s] -- Installing: /home/cyber/Desktop/HomeBot-ROS2-Navigation-main/install/robot_description/share/robot_description/launch
[6.223s] -- Installing: /home/cyber/Desktop/HomeBot-ROS2-Navigation-main/install/robot_description/share/robot_description/launch/gazebo.launch.xml
[6.239s] -- Installing: /home/cyber/Desktop/HomeBot-ROS2-Navigation-main/install/robot_description/share/robot_description/launch/display.launch.xml
[6.247s] -- Installing: /home/cyber/Desktop/HomeBot-ROS2-Navigation-main/install/robot_description/share/robot_description/urdf
[6.247s] -- Installing: /home/cyber/Desktop/HomeBot-ROS2-Navigation-main/install/robot_description/share/robot_description/urdf/lidar.xacro
[6.247s] -- Installing: /home/cyber/Desktop/HomeBot-ROS2-Navigation-main/install/robot_description/share/robot_description/urdf/common_properties.xacro
[6.247s] -- Installing: /home/cyber/Desktop/HomeBot-ROS2-Navigation-main/install/robot_description/share/robot_description/urdf/mobile_robot_base.xacro
[6.247s] -- Installing: /home/cyber/Desktop/HomeBot-ROS2-Navigation-main/install/robot_description/share/robot_description/urdf/camera.xacro
[6.247s] -- Installing: /home/cyber/Desktop/HomeBot-ROS2-Navigation-main/install/robot_description/share/robot_description/urdf/mobile_robot.urdf.xacro
[6.247s] -- Installing: /home/cyber/Desktop/HomeBot-ROS2-Navigation-main/install/robot_description/share/robot_description/urdf/mobile_robot_gazebo.xacro
[6.247s] -- Installing: /home/cyber/Desktop/HomeBot-ROS2-Navigation-main/install/robot_description/share/robot_description/meshes
[6.247s] -- Installing: /home/cyber/Desktop/HomeBot-ROS2-Navigation-main/install/robot_description/share/robot_description/meshes/wheel.dae
[6.315s] -- Installing: /home/cyber/Desktop/HomeBot-ROS2-Navigation-main/install/robot_description/share/robot_description/meshes/motor.dae
[6.334s] -- Installing: /home/cyber/Desktop/HomeBot-ROS2-Navigation-main/install/robot_description/share/robot_description/meshes/rplidar.dae
[6.350s] -- Installing: /home/cyber/Desktop/HomeBot-ROS2-Navigation-main/install/robot_description/share/robot_description/meshes/camera.dae
[6.379s] -- Installing: /home/cyber/Desktop/HomeBot-ROS2-Navigation-main/install/robot_description/share/robot_description/meshes/ubase_link.dae
[6.387s] -- Installing: /home/cyber/Desktop/HomeBot-ROS2-Navigation-main/install/robot_description/share/robot_description/meshes/base_link.dae
[6.402s] -- Installing: /home/cyber/Desktop/HomeBot-ROS2-Navigation-main/install/robot_description/share/robot_description/rviz
[6.402s] -- Installing: /home/cyber/Desktop/HomeBot-ROS2-Navigation-main/install/robot_description/share/robot_description/rviz/urdf_config.rviz
[6.402s] -- Installing: /home/cyber/Desktop/HomeBot-ROS2-Navigation-main/install/robot_description/share/robot_description/rviz/gazebo_config.rviz
[6.403s] -- Installing: /home/cyber/Desktop/HomeBot-ROS2-Navigation-main/install/robot_description/share/ament_index/resource_index/package_run_dependencies/robot_description
[6.403s] -- Installing: /home/cyber/Desktop/HomeBot-ROS2-Navigation-main/install/robot_description/share/ament_index/resource_index/parent_prefix_path/robot_description
[6.403s] -- Installing: /home/cyber/Desktop/HomeBot-ROS2-Navigation-main/install/robot_description/share/robot_description/environment/ament_prefix_path.sh
[6.404s] -- Installing: /home/cyber/Desktop/HomeBot-ROS2-Navigation-main/install/robot_description/share/robot_description/environment/ament_prefix_path.dsv
[6.404s] -- Installing: /home/cyber/Desktop/HomeBot-ROS2-Navigation-main/install/robot_description/share/robot_description/environment/path.sh
[6.404s] -- Installing: /home/cyber/Desktop/HomeBot-ROS2-Navigation-main/install/robot_description/share/robot_description/environment/path.dsv
[6.404s] -- Installing: /home/cyber/Desktop/HomeBot-ROS2-Navigation-main/install/robot_description/share/robot_description/local_setup.bash
[6.405s] -- Installing: /home/cyber/Desktop/HomeBot-ROS2-Navigation-main/install/robot_description/share/robot_description/local_setup.sh
[6.405s] -- Installing: /home/cyber/Desktop/HomeBot-ROS2-Navigation-main/install/robot_description/share/robot_description/local_setup.zsh
[6.405s] -- Installing: /home/cyber/Desktop/HomeBot-ROS2-Navigation-main/install/robot_description/share/robot_description/local_setup.dsv
[6.406s] -- Installing: /home/cyber/Desktop/HomeBot-ROS2-Navigation-main/install/robot_description/share/robot_description/package.dsv
[6.406s] -- Installing: /home/cyber/Desktop/HomeBot-ROS2-Navigation-main/install/robot_description/share/ament_index/resource_index/packages/robot_description
[6.406s] -- Installing: /home/cyber/Desktop/HomeBot-ROS2-Navigation-main/install/robot_description/share/robot_description/cmake/robot_descriptionConfig.cmake
[6.407s] -- Installing: /home/cyber/Desktop/HomeBot-ROS2-Navigation-main/install/robot_description/share/robot_description/cmake/robot_descriptionConfig-version.cmake
[6.407s] -- Installing: /home/cyber/Desktop/HomeBot-ROS2-Navigation-main/install/robot_description/share/robot_description/package.xml
[6.409s] Invoked command in '/home/cyber/Desktop/HomeBot-ROS2-Navigation-main/build/robot_description' returned '0': CMAKE_PREFIX_PATH=/opt/ros/humble /usr/bin/cmake --install /home/cyber/Desktop/HomeBot-ROS2-Navigation-main/build/robot_description
