[0.004s] Invoking command in '/home/cyber/Desktop/HomeBot-ROS2-Navigation-main/build/robot_simulation': AMENT_PREFIX_PATH=/home/cyber/Desktop/HomeBot-ROS2-Navigation-main/install/robot_description:${AMENT_PREFIX_PATH} CMAKE_PREFIX_PATH=/home/cyber/Desktop/HomeBot-ROS2-Navigation-main/install/robot_description:/opt/ros/humble /usr/bin/cmake /home/cyber/Desktop/HomeBot-ROS2-Navigation-main/src/robot_simulation -DCMAKE_INSTALL_PREFIX=/home/cyber/Desktop/HomeBot-ROS2-Navigation-main/install/robot_simulation
[0.082s] -- The C compiler identification is GNU 11.4.0
[0.120s] -- The CXX compiler identification is GNU 11.4.0
[0.125s] -- Detecting C compiler ABI info
[0.176s] -- Detecting C compiler ABI info - done
[0.185s] -- Check for working C compiler: /usr/bin/cc - skipped
[0.185s] -- Detecting C compile features
[0.185s] -- Detecting C compile features - done
[0.189s] -- Detecting CXX compiler ABI info
[0.244s] -- Detecting CXX compiler ABI info - done
[0.249s] -- Check for working CXX compiler: /usr/bin/c++ - skipped
[0.249s] -- Detecting CXX compile features
[0.250s] -- Detecting CXX compile features - done
[0.251s] -- Found ament_cmake: 1.3.9 (/opt/ros/humble/share/ament_cmake/cmake)
[0.499s] -- Found Python3: /usr/bin/python3 (found version "3.10.12") found components: Interpreter 
[0.607s] -- Configuring done
[0.609s] -- Generating done
[0.609s] -- Build files have been written to: /home/cyber/Desktop/HomeBot-ROS2-Navigation-main/build/robot_simulation
[0.613s] Invoked command in '/home/cyber/Desktop/HomeBot-ROS2-Navigation-main/build/robot_simulation' returned '0': AMENT_PREFIX_PATH=/home/cyber/Desktop/HomeBot-ROS2-Navigation-main/install/robot_description:${AMENT_PREFIX_PATH} CMAKE_PREFIX_PATH=/home/cyber/Desktop/HomeBot-ROS2-Navigation-main/install/robot_description:/opt/ros/humble /usr/bin/cmake /home/cyber/Desktop/HomeBot-ROS2-Navigation-main/src/robot_simulation -DCMAKE_INSTALL_PREFIX=/home/cyber/Desktop/HomeBot-ROS2-Navigation-main/install/robot_simulation
[0.614s] Invoking command in '/home/cyber/Desktop/HomeBot-ROS2-Navigation-main/build/robot_simulation': AMENT_PREFIX_PATH=/home/cyber/Desktop/HomeBot-ROS2-Navigation-main/install/robot_description:${AMENT_PREFIX_PATH} CMAKE_PREFIX_PATH=/home/cyber/Desktop/HomeBot-ROS2-Navigation-main/install/robot_description:/opt/ros/humble /usr/bin/cmake --build /home/cyber/Desktop/HomeBot-ROS2-Navigation-main/build/robot_simulation -- -j4 -l4
[0.639s] Invoked command in '/home/cyber/Desktop/HomeBot-ROS2-Navigation-main/build/robot_simulation' returned '0': AMENT_PREFIX_PATH=/home/cyber/Desktop/HomeBot-ROS2-Navigation-main/install/robot_description:${AMENT_PREFIX_PATH} CMAKE_PREFIX_PATH=/home/cyber/Desktop/HomeBot-ROS2-Navigation-main/install/robot_description:/opt/ros/humble /usr/bin/cmake --build /home/cyber/Desktop/HomeBot-ROS2-Navigation-main/build/robot_simulation -- -j4 -l4
[0.653s] Invoking command in '/home/cyber/Desktop/HomeBot-ROS2-Navigation-main/build/robot_simulation': AMENT_PREFIX_PATH=/home/cyber/Desktop/HomeBot-ROS2-Navigation-main/install/robot_description:${AMENT_PREFIX_PATH} CMAKE_PREFIX_PATH=/home/cyber/Desktop/HomeBot-ROS2-Navigation-main/install/robot_description:/opt/ros/humble /usr/bin/cmake --install /home/cyber/Desktop/HomeBot-ROS2-Navigation-main/build/robot_simulation
[0.658s] -- Install configuration: ""
[0.658s] -- Installing: /home/cyber/Desktop/HomeBot-ROS2-Navigation-main/install/robot_simulation/share/robot_simulation/launch
[0.658s] -- Installing: /home/cyber/Desktop/HomeBot-ROS2-Navigation-main/install/robot_simulation/share/robot_simulation/launch/house_sim.launch.py
[0.658s] -- Installing: /home/cyber/Desktop/HomeBot-ROS2-Navigation-main/install/robot_simulation/share/robot_simulation/launch/autonomous_navigation.launch.py
[0.658s] -- Installing: /home/cyber/Desktop/HomeBot-ROS2-Navigation-main/install/robot_simulation/share/robot_simulation/launch/house_slam.launch.py
[0.659s] -- Installing: /home/cyber/Desktop/HomeBot-ROS2-Navigation-main/install/robot_simulation/share/robot_simulation/config
[0.659s] -- Installing: /home/cyber/Desktop/HomeBot-ROS2-Navigation-main/install/robot_simulation/share/robot_simulation/config/nav2_config.rviz
[0.659s] -- Installing: /home/cyber/Desktop/HomeBot-ROS2-Navigation-main/install/robot_simulation/share/robot_simulation/config/ekf.yaml
[0.698s] -- Installing: /home/cyber/Desktop/HomeBot-ROS2-Navigation-main/install/robot_simulation/share/robot_simulation/worlds
[0.698s] -- Installing: /home/cyber/Desktop/HomeBot-ROS2-Navigation-main/install/robot_simulation/share/robot_simulation/worlds/house.world
[0.728s] -- Installing: /home/cyber/Desktop/HomeBot-ROS2-Navigation-main/install/robot_simulation/share/robot_simulation/maps
[0.728s] -- Installing: /home/cyber/Desktop/HomeBot-ROS2-Navigation-main/install/robot_simulation/share/robot_simulation/maps/house_map.pgm
[0.737s] -- Installing: /home/cyber/Desktop/HomeBot-ROS2-Navigation-main/install/robot_simulation/share/robot_simulation/maps/house_map.yaml
[0.738s] -- Installing: /home/cyber/Desktop/HomeBot-ROS2-Navigation-main/install/robot_simulation/share/robot_simulation/params
[0.738s] -- Installing: /home/cyber/Desktop/HomeBot-ROS2-Navigation-main/install/robot_simulation/share/robot_simulation/params/nav2_params.yaml
[0.738s] -- Installing: /home/cyber/Desktop/HomeBot-ROS2-Navigation-main/install/robot_simulation/share/ament_index/resource_index/package_run_dependencies/robot_simulation
[0.738s] -- Installing: /home/cyber/Desktop/HomeBot-ROS2-Navigation-main/install/robot_simulation/share/ament_index/resource_index/parent_prefix_path/robot_simulation
[0.738s] -- Installing: /home/cyber/Desktop/HomeBot-ROS2-Navigation-main/install/robot_simulation/share/robot_simulation/environment/ament_prefix_path.sh
[0.738s] -- Installing: /home/cyber/Desktop/HomeBot-ROS2-Navigation-main/install/robot_simulation/share/robot_simulation/environment/ament_prefix_path.dsv
[0.739s] -- Installing: /home/cyber/Desktop/HomeBot-ROS2-Navigation-main/install/robot_simulation/share/robot_simulation/environment/path.sh
[0.739s] -- Installing: /home/cyber/Desktop/HomeBot-ROS2-Navigation-main/install/robot_simulation/share/robot_simulation/environment/path.dsv
[0.739s] -- Installing: /home/cyber/Desktop/HomeBot-ROS2-Navigation-main/install/robot_simulation/share/robot_simulation/local_setup.bash
[0.739s] -- Installing: /home/cyber/Desktop/HomeBot-ROS2-Navigation-main/install/robot_simulation/share/robot_simulation/local_setup.sh
[0.739s] -- Installing: /home/cyber/Desktop/HomeBot-ROS2-Navigation-main/install/robot_simulation/share/robot_simulation/local_setup.zsh
[0.739s] -- Installing: /home/cyber/Desktop/HomeBot-ROS2-Navigation-main/install/robot_simulation/share/robot_simulation/local_setup.dsv
[0.739s] -- Installing: /home/cyber/Desktop/HomeBot-ROS2-Navigation-main/install/robot_simulation/share/robot_simulation/package.dsv
[0.739s] -- Installing: /home/cyber/Desktop/HomeBot-ROS2-Navigation-main/install/robot_simulation/share/ament_index/resource_index/packages/robot_simulation
[0.739s] -- Installing: /home/cyber/Desktop/HomeBot-ROS2-Navigation-main/install/robot_simulation/share/robot_simulation/cmake/robot_simulationConfig.cmake
[0.740s] -- Installing: /home/cyber/Desktop/HomeBot-ROS2-Navigation-main/install/robot_simulation/share/robot_simulation/cmake/robot_simulationConfig-version.cmake
[0.740s] -- Installing: /home/cyber/Desktop/HomeBot-ROS2-Navigation-main/install/robot_simulation/share/robot_simulation/package.xml
[0.741s] Invoked command in '/home/cyber/Desktop/HomeBot-ROS2-Navigation-main/build/robot_simulation' returned '0': AMENT_PREFIX_PATH=/home/cyber/Desktop/HomeBot-ROS2-Navigation-main/install/robot_description:${AMENT_PREFIX_PATH} CMAKE_PREFIX_PATH=/home/cyber/Desktop/HomeBot-ROS2-Navigation-main/install/robot_description:/opt/ros/humble /usr/bin/cmake --install /home/cyber/Desktop/HomeBot-ROS2-Navigation-main/build/robot_simulation
