[0.676s] Invoking command in '/home/cyber/Desktop/HomeBot-ROS2-Navigation-main/src/robot_patrol': PYTHONPATH=/home/cyber/Desktop/HomeBot-ROS2-Navigation-main/build/robot_patrol/prefix_override:/home/cyber/Desktop/HomeBot-ROS2-Navigation-main/install/robot_patrol/lib/python3.10/site-packages:${PYTHONPATH} /usr/bin/python3 -W ignore:setup.py install is deprecated setup.py egg_info --egg-base ../../build/robot_patrol build --build-base /home/cyber/Desktop/HomeBot-ROS2-Navigation-main/build/robot_patrol/build install --record /home/cyber/Desktop/HomeBot-ROS2-Navigation-main/build/robot_patrol/install.log --single-version-externally-managed install_data
[0.854s] running egg_info
[0.867s] writing ../../build/robot_patrol/robot_patrol.egg-info/PKG-INFO
[0.867s] writing dependency_links to ../../build/robot_patrol/robot_patrol.egg-info/dependency_links.txt
[0.867s] writing entry points to ../../build/robot_patrol/robot_patrol.egg-info/entry_points.txt
[0.867s] writing requirements to ../../build/robot_patrol/robot_patrol.egg-info/requires.txt
[0.867s] writing top-level names to ../../build/robot_patrol/robot_patrol.egg-info/top_level.txt
[0.968s] reading manifest file '../../build/robot_patrol/robot_patrol.egg-info/SOURCES.txt'
[0.988s] adding license file 'LICENSE'
[0.988s] writing manifest file '../../build/robot_patrol/robot_patrol.egg-info/SOURCES.txt'
[0.989s] running build
[0.989s] running build_py
[0.989s] running install
[0.993s] running install_lib
[1.008s] running install_data
[1.008s] running install_egg_info
[1.022s] removing '/home/cyber/Desktop/HomeBot-ROS2-Navigation-main/install/robot_patrol/lib/python3.10/site-packages/robot_patrol-0.0.0-py3.10.egg-info' (and everything under it)
[1.022s] Copying ../../build/robot_patrol/robot_patrol.egg-info to /home/cyber/Desktop/HomeBot-ROS2-Navigation-main/install/robot_patrol/lib/python3.10/site-packages/robot_patrol-0.0.0-py3.10.egg-info
[1.023s] running install_scripts
[1.061s] Installing robot_patrol script to /home/cyber/Desktop/HomeBot-ROS2-Navigation-main/install/robot_patrol/lib/robot_patrol
[1.062s] writing list of installed files to '/home/cyber/Desktop/HomeBot-ROS2-Navigation-main/build/robot_patrol/install.log'
[1.086s] Invoked command in '/home/cyber/Desktop/HomeBot-ROS2-Navigation-main/src/robot_patrol' returned '0': PYTHONPATH=/home/cyber/Desktop/HomeBot-ROS2-Navigation-main/build/robot_patrol/prefix_override:/home/cyber/Desktop/HomeBot-ROS2-Navigation-main/install/robot_patrol/lib/python3.10/site-packages:${PYTHONPATH} /usr/bin/python3 -W ignore:setup.py install is deprecated setup.py egg_info --egg-base ../../build/robot_patrol build --build-base /home/cyber/Desktop/HomeBot-ROS2-Navigation-main/build/robot_patrol/build install --record /home/cyber/Desktop/HomeBot-ROS2-Navigation-main/build/robot_patrol/install.log --single-version-externally-managed install_data
