[0.077s] DEBUG:colcon:Command line arguments: ['/usr/bin/colcon', 'build']
[0.077s] DEBUG:colcon:Parsed command line arguments: Namespace(log_base=None, log_level=None, verb_name='build', build_base='build', install_base='install', merge_install=False, symlink_install=False, test_result_base=None, continue_on_error=False, executor='parallel', parallel_workers=4, event_handlers=None, ignore_user_meta=False, metas=['./colcon.meta'], base_paths=['.'], packages_ignore=None, packages_ignore_regex=None, paths=None, packages_up_to=None, packages_up_to_regex=None, packages_above=None, packages_above_and_dependencies=None, packages_above_depth=None, packages_select_by_dep=None, packages_skip_by_dep=None, packages_skip_up_to=None, packages_select_build_failed=False, packages_skip_build_finished=False, packages_select_test_failures=False, packages_skip_test_passed=False, packages_select=None, packages_skip=None, packages_select_regex=None, packages_skip_regex=None, packages_start=None, packages_end=None, allow_overriding=[], cmake_args=None, cmake_target=None, cmake_target_skip_unavailable=False, cmake_clean_cache=False, cmake_clean_first=False, cmake_force_configure=False, ament_cmake_args=None, catkin_cmake_args=None, catkin_skip_building_tests=False, mixin_files=None, mixin=None, verb_parser=<colcon_mixin.mixin.mixin_argument.MixinArgumentDecorator object at 0x7a2315d74a30>, verb_extension=<colcon_core.verb.build.BuildVerb object at 0x7a2315e75120>, main=<bound method BuildVerb.main of <colcon_core.verb.build.BuildVerb object at 0x7a2315e75120>>, mixin_verb=('build',))
[0.104s] Level 1:colcon.colcon_core.package_discovery:discover_packages(colcon_meta) check parameters
[0.104s] Level 1:colcon.colcon_core.package_discovery:discover_packages(recursive) check parameters
[0.104s] Level 1:colcon.colcon_core.package_discovery:discover_packages(ignore) check parameters
[0.104s] Level 1:colcon.colcon_core.package_discovery:discover_packages(path) check parameters
[0.104s] Level 1:colcon.colcon_core.package_discovery:discover_packages(colcon_meta) discover
[0.104s] Level 1:colcon.colcon_core.package_discovery:discover_packages(recursive) discover
[0.104s] INFO:colcon.colcon_core.package_discovery:Crawling recursively for packages in '/home/cyber/Desktop/HomeBot-ROS2-Navigation-main'
[0.104s] Level 1:colcon.colcon_core.package_identification:_identify(.) by extensions ['ignore', 'ignore_ament_install']
[0.104s] Level 1:colcon.colcon_core.package_identification:_identify(.) by extension 'ignore'
[0.104s] Level 1:colcon.colcon_core.package_identification:_identify(.) by extension 'ignore_ament_install'
[0.105s] Level 1:colcon.colcon_core.package_identification:_identify(.) by extensions ['colcon_pkg']
[0.105s] Level 1:colcon.colcon_core.package_identification:_identify(.) by extension 'colcon_pkg'
[0.105s] Level 1:colcon.colcon_core.package_identification:_identify(.) by extensions ['colcon_meta']
[0.105s] Level 1:colcon.colcon_core.package_identification:_identify(.) by extension 'colcon_meta'
[0.105s] Level 1:colcon.colcon_core.package_identification:_identify(.) by extensions ['ros']
[0.105s] Level 1:colcon.colcon_core.package_identification:_identify(.) by extension 'ros'
[0.115s] Level 1:colcon.colcon_core.package_identification:_identify(.) by extensions ['cmake', 'python']
[0.115s] Level 1:colcon.colcon_core.package_identification:_identify(.) by extension 'cmake'
[0.115s] Level 1:colcon.colcon_core.package_identification:_identify(.) by extension 'python'
[0.115s] Level 1:colcon.colcon_core.package_identification:_identify(.) by extensions ['python_setup_py']
[0.115s] Level 1:colcon.colcon_core.package_identification:_identify(.) by extension 'python_setup_py'
[0.115s] Level 1:colcon.colcon_core.package_identification:_identify(build) by extensions ['ignore', 'ignore_ament_install']
[0.115s] Level 1:colcon.colcon_core.package_identification:_identify(build) by extension 'ignore'
[0.115s] Level 1:colcon.colcon_core.package_identification:_identify(build) ignored
[0.115s] Level 1:colcon.colcon_core.package_identification:_identify(install) by extensions ['ignore', 'ignore_ament_install']
[0.115s] Level 1:colcon.colcon_core.package_identification:_identify(install) by extension 'ignore'
[0.115s] Level 1:colcon.colcon_core.package_identification:_identify(install) ignored
[0.115s] Level 1:colcon.colcon_core.package_identification:_identify(log) by extensions ['ignore', 'ignore_ament_install']
[0.116s] Level 1:colcon.colcon_core.package_identification:_identify(log) by extension 'ignore'
[0.116s] Level 1:colcon.colcon_core.package_identification:_identify(log) ignored
[0.116s] Level 1:colcon.colcon_core.package_identification:_identify(src) by extensions ['ignore', 'ignore_ament_install']
[0.116s] Level 1:colcon.colcon_core.package_identification:_identify(src) by extension 'ignore'
[0.116s] Level 1:colcon.colcon_core.package_identification:_identify(src) by extension 'ignore_ament_install'
[0.116s] Level 1:colcon.colcon_core.package_identification:_identify(src) by extensions ['colcon_pkg']
[0.116s] Level 1:colcon.colcon_core.package_identification:_identify(src) by extension 'colcon_pkg'
[0.116s] Level 1:colcon.colcon_core.package_identification:_identify(src) by extensions ['colcon_meta']
[0.116s] Level 1:colcon.colcon_core.package_identification:_identify(src) by extension 'colcon_meta'
[0.116s] Level 1:colcon.colcon_core.package_identification:_identify(src) by extensions ['ros']
[0.116s] Level 1:colcon.colcon_core.package_identification:_identify(src) by extension 'ros'
[0.116s] Level 1:colcon.colcon_core.package_identification:_identify(src) by extensions ['cmake', 'python']
[0.116s] Level 1:colcon.colcon_core.package_identification:_identify(src) by extension 'cmake'
[0.116s] Level 1:colcon.colcon_core.package_identification:_identify(src) by extension 'python'
[0.116s] Level 1:colcon.colcon_core.package_identification:_identify(src) by extensions ['python_setup_py']
[0.116s] Level 1:colcon.colcon_core.package_identification:_identify(src) by extension 'python_setup_py'
[0.116s] Level 1:colcon.colcon_core.package_identification:_identify(src/robot_description) by extensions ['ignore', 'ignore_ament_install']
[0.116s] Level 1:colcon.colcon_core.package_identification:_identify(src/robot_description) by extension 'ignore'
[0.116s] Level 1:colcon.colcon_core.package_identification:_identify(src/robot_description) by extension 'ignore_ament_install'
[0.116s] Level 1:colcon.colcon_core.package_identification:_identify(src/robot_description) by extensions ['colcon_pkg']
[0.116s] Level 1:colcon.colcon_core.package_identification:_identify(src/robot_description) by extension 'colcon_pkg'
[0.116s] Level 1:colcon.colcon_core.package_identification:_identify(src/robot_description) by extensions ['colcon_meta']
[0.116s] Level 1:colcon.colcon_core.package_identification:_identify(src/robot_description) by extension 'colcon_meta'
[0.116s] Level 1:colcon.colcon_core.package_identification:_identify(src/robot_description) by extensions ['ros']
[0.116s] Level 1:colcon.colcon_core.package_identification:_identify(src/robot_description) by extension 'ros'
[0.118s] DEBUG:colcon.colcon_core.package_identification:Package 'src/robot_description' with type 'ros.ament_cmake' and name 'robot_description'
[0.118s] Level 1:colcon.colcon_core.package_identification:_identify(src/robot_patrol) by extensions ['ignore', 'ignore_ament_install']
[0.118s] Level 1:colcon.colcon_core.package_identification:_identify(src/robot_patrol) by extension 'ignore'
[0.118s] Level 1:colcon.colcon_core.package_identification:_identify(src/robot_patrol) by extension 'ignore_ament_install'
[0.118s] Level 1:colcon.colcon_core.package_identification:_identify(src/robot_patrol) by extensions ['colcon_pkg']
[0.118s] Level 1:colcon.colcon_core.package_identification:_identify(src/robot_patrol) by extension 'colcon_pkg'
[0.118s] Level 1:colcon.colcon_core.package_identification:_identify(src/robot_patrol) by extensions ['colcon_meta']
[0.118s] Level 1:colcon.colcon_core.package_identification:_identify(src/robot_patrol) by extension 'colcon_meta'
[0.118s] Level 1:colcon.colcon_core.package_identification:_identify(src/robot_patrol) by extensions ['ros']
[0.118s] Level 1:colcon.colcon_core.package_identification:_identify(src/robot_patrol) by extension 'ros'
[0.119s] DEBUG:colcon.colcon_core.package_identification:Package 'src/robot_patrol' with type 'ros.ament_python' and name 'robot_patrol'
[0.119s] Level 1:colcon.colcon_core.package_identification:_identify(src/robot_simulation) by extensions ['ignore', 'ignore_ament_install']
[0.119s] Level 1:colcon.colcon_core.package_identification:_identify(src/robot_simulation) by extension 'ignore'
[0.119s] Level 1:colcon.colcon_core.package_identification:_identify(src/robot_simulation) by extension 'ignore_ament_install'
[0.119s] Level 1:colcon.colcon_core.package_identification:_identify(src/robot_simulation) by extensions ['colcon_pkg']
[0.119s] Level 1:colcon.colcon_core.package_identification:_identify(src/robot_simulation) by extension 'colcon_pkg'
[0.119s] Level 1:colcon.colcon_core.package_identification:_identify(src/robot_simulation) by extensions ['colcon_meta']
[0.119s] Level 1:colcon.colcon_core.package_identification:_identify(src/robot_simulation) by extension 'colcon_meta'
[0.119s] Level 1:colcon.colcon_core.package_identification:_identify(src/robot_simulation) by extensions ['ros']
[0.119s] Level 1:colcon.colcon_core.package_identification:_identify(src/robot_simulation) by extension 'ros'
[0.119s] DEBUG:colcon.colcon_core.package_identification:Package 'src/robot_simulation' with type 'ros.ament_cmake' and name 'robot_simulation'
[0.119s] Level 1:colcon.colcon_core.package_discovery:discover_packages(recursive) using defaults
[0.119s] Level 1:colcon.colcon_core.package_discovery:discover_packages(ignore) discover
[0.119s] Level 1:colcon.colcon_core.package_discovery:discover_packages(ignore) using defaults
[0.119s] Level 1:colcon.colcon_core.package_discovery:discover_packages(path) discover
[0.119s] Level 1:colcon.colcon_core.package_discovery:discover_packages(path) using defaults
[0.134s] Level 1:colcon.colcon_core.package_discovery:discover_packages(prefix_path) check parameters
[0.134s] Level 1:colcon.colcon_core.package_discovery:discover_packages(prefix_path) discover
[0.135s] DEBUG:colcon.colcon_installed_package_information.package_discovery:Found 3 installed packages in /home/cyber/Desktop/HomeBot-ROS2-Navigation-main/install
[0.136s] DEBUG:colcon.colcon_installed_package_information.package_discovery:Found 335 installed packages in /opt/ros/humble
[0.137s] Level 1:colcon.colcon_core.package_discovery:discover_packages(prefix_path) using defaults
[0.192s] Level 5:colcon.colcon_core.verb:set package 'robot_description' build argument 'cmake_args' from command line to 'None'
[0.192s] Level 5:colcon.colcon_core.verb:set package 'robot_description' build argument 'cmake_target' from command line to 'None'
[0.192s] Level 5:colcon.colcon_core.verb:set package 'robot_description' build argument 'cmake_target_skip_unavailable' from command line to 'False'
[0.192s] Level 5:colcon.colcon_core.verb:set package 'robot_description' build argument 'cmake_clean_cache' from command line to 'False'
[0.192s] Level 5:colcon.colcon_core.verb:set package 'robot_description' build argument 'cmake_clean_first' from command line to 'False'
[0.192s] Level 5:colcon.colcon_core.verb:set package 'robot_description' build argument 'cmake_force_configure' from command line to 'False'
[0.192s] Level 5:colcon.colcon_core.verb:set package 'robot_description' build argument 'ament_cmake_args' from command line to 'None'
[0.192s] Level 5:colcon.colcon_core.verb:set package 'robot_description' build argument 'catkin_cmake_args' from command line to 'None'
[0.192s] Level 5:colcon.colcon_core.verb:set package 'robot_description' build argument 'catkin_skip_building_tests' from command line to 'False'
[0.192s] DEBUG:colcon.colcon_core.verb:Building package 'robot_description' with the following arguments: {'ament_cmake_args': None, 'build_base': '/home/cyber/Desktop/HomeBot-ROS2-Navigation-main/build/robot_description', 'catkin_cmake_args': None, 'catkin_skip_building_tests': False, 'cmake_args': None, 'cmake_clean_cache': False, 'cmake_clean_first': False, 'cmake_force_configure': False, 'cmake_target': None, 'cmake_target_skip_unavailable': False, 'install_base': '/home/cyber/Desktop/HomeBot-ROS2-Navigation-main/install/robot_description', 'merge_install': False, 'path': '/home/cyber/Desktop/HomeBot-ROS2-Navigation-main/src/robot_description', 'symlink_install': False, 'test_result_base': None}
[0.192s] Level 5:colcon.colcon_core.verb:set package 'robot_patrol' build argument 'cmake_args' from command line to 'None'
[0.192s] Level 5:colcon.colcon_core.verb:set package 'robot_patrol' build argument 'cmake_target' from command line to 'None'
[0.192s] Level 5:colcon.colcon_core.verb:set package 'robot_patrol' build argument 'cmake_target_skip_unavailable' from command line to 'False'
[0.192s] Level 5:colcon.colcon_core.verb:set package 'robot_patrol' build argument 'cmake_clean_cache' from command line to 'False'
[0.192s] Level 5:colcon.colcon_core.verb:set package 'robot_patrol' build argument 'cmake_clean_first' from command line to 'False'
[0.192s] Level 5:colcon.colcon_core.verb:set package 'robot_patrol' build argument 'cmake_force_configure' from command line to 'False'
[0.192s] Level 5:colcon.colcon_core.verb:set package 'robot_patrol' build argument 'ament_cmake_args' from command line to 'None'
[0.192s] Level 5:colcon.colcon_core.verb:set package 'robot_patrol' build argument 'catkin_cmake_args' from command line to 'None'
[0.192s] Level 5:colcon.colcon_core.verb:set package 'robot_patrol' build argument 'catkin_skip_building_tests' from command line to 'False'
[0.192s] DEBUG:colcon.colcon_core.verb:Building package 'robot_patrol' with the following arguments: {'ament_cmake_args': None, 'build_base': '/home/cyber/Desktop/HomeBot-ROS2-Navigation-main/build/robot_patrol', 'catkin_cmake_args': None, 'catkin_skip_building_tests': False, 'cmake_args': None, 'cmake_clean_cache': False, 'cmake_clean_first': False, 'cmake_force_configure': False, 'cmake_target': None, 'cmake_target_skip_unavailable': False, 'install_base': '/home/cyber/Desktop/HomeBot-ROS2-Navigation-main/install/robot_patrol', 'merge_install': False, 'path': '/home/cyber/Desktop/HomeBot-ROS2-Navigation-main/src/robot_patrol', 'symlink_install': False, 'test_result_base': None}
[0.193s] Level 5:colcon.colcon_core.verb:set package 'robot_simulation' build argument 'cmake_args' from command line to 'None'
[0.193s] Level 5:colcon.colcon_core.verb:set package 'robot_simulation' build argument 'cmake_target' from command line to 'None'
[0.193s] Level 5:colcon.colcon_core.verb:set package 'robot_simulation' build argument 'cmake_target_skip_unavailable' from command line to 'False'
[0.193s] Level 5:colcon.colcon_core.verb:set package 'robot_simulation' build argument 'cmake_clean_cache' from command line to 'False'
[0.193s] Level 5:colcon.colcon_core.verb:set package 'robot_simulation' build argument 'cmake_clean_first' from command line to 'False'
[0.193s] Level 5:colcon.colcon_core.verb:set package 'robot_simulation' build argument 'cmake_force_configure' from command line to 'False'
[0.193s] Level 5:colcon.colcon_core.verb:set package 'robot_simulation' build argument 'ament_cmake_args' from command line to 'None'
[0.193s] Level 5:colcon.colcon_core.verb:set package 'robot_simulation' build argument 'catkin_cmake_args' from command line to 'None'
[0.193s] Level 5:colcon.colcon_core.verb:set package 'robot_simulation' build argument 'catkin_skip_building_tests' from command line to 'False'
[0.193s] DEBUG:colcon.colcon_core.verb:Building package 'robot_simulation' with the following arguments: {'ament_cmake_args': None, 'build_base': '/home/cyber/Desktop/HomeBot-ROS2-Navigation-main/build/robot_simulation', 'catkin_cmake_args': None, 'catkin_skip_building_tests': False, 'cmake_args': None, 'cmake_clean_cache': False, 'cmake_clean_first': False, 'cmake_force_configure': False, 'cmake_target': None, 'cmake_target_skip_unavailable': False, 'install_base': '/home/cyber/Desktop/HomeBot-ROS2-Navigation-main/install/robot_simulation', 'merge_install': False, 'path': '/home/cyber/Desktop/HomeBot-ROS2-Navigation-main/src/robot_simulation', 'symlink_install': False, 'test_result_base': None}
[0.193s] INFO:colcon.colcon_core.executor:Executing jobs using 'parallel' executor
[0.194s] DEBUG:colcon.colcon_parallel_executor.executor.parallel:run_until_complete
[0.194s] INFO:colcon.colcon_ros.task.ament_cmake.build:Building ROS package in '/home/cyber/Desktop/HomeBot-ROS2-Navigation-main/src/robot_description' with build type 'ament_cmake'
[0.194s] INFO:colcon.colcon_cmake.task.cmake.build:Building CMake package in '/home/cyber/Desktop/HomeBot-ROS2-Navigation-main/src/robot_description'
[0.195s] INFO:colcon.colcon_core.plugin_system:Skipping extension 'colcon_core.shell.bat': Not used on non-Windows systems
[0.195s] INFO:colcon.colcon_core.shell:Skip shell extension 'powershell' for command environment: Not usable outside of PowerShell
[0.195s] DEBUG:colcon.colcon_core.shell:Skip shell extension 'dsv' for command environment
[0.198s] INFO:colcon.colcon_ros.task.ament_python.build:Building ROS package in '/home/cyber/Desktop/HomeBot-ROS2-Navigation-main/src/robot_patrol' with build type 'ament_python'
[0.198s] Level 1:colcon.colcon_core.shell:create_environment_hook('robot_patrol', 'ament_prefix_path')
[0.198s] INFO:colcon.colcon_core.shell:Creating environment hook '/home/cyber/Desktop/HomeBot-ROS2-Navigation-main/install/robot_patrol/share/robot_patrol/hook/ament_prefix_path.ps1'
[0.199s] INFO:colcon.colcon_core.shell:Creating environment descriptor '/home/cyber/Desktop/HomeBot-ROS2-Navigation-main/install/robot_patrol/share/robot_patrol/hook/ament_prefix_path.dsv'
[0.199s] INFO:colcon.colcon_core.shell:Creating environment hook '/home/cyber/Desktop/HomeBot-ROS2-Navigation-main/install/robot_patrol/share/robot_patrol/hook/ament_prefix_path.sh'
[0.199s] INFO:colcon.colcon_core.shell:Skip shell extension 'powershell' for command environment: Not usable outside of PowerShell
[0.199s] DEBUG:colcon.colcon_core.shell:Skip shell extension 'dsv' for command environment
[0.229s] DEBUG:colcon.colcon_core.event_handler.log_command:Invoking command in '/home/cyber/Desktop/HomeBot-ROS2-Navigation-main/build/robot_description': CMAKE_PREFIX_PATH=${CMAKE_PREFIX_PATH}:/home/cyber/Desktop/HomeBot-ROS2-Navigation-main/install/robot_patrol:/opt/ros/humble /usr/bin/cmake --build /home/cyber/Desktop/HomeBot-ROS2-Navigation-main/build/robot_description -- -j4 -l4
[0.380s] INFO:colcon.colcon_core.task.python.build:Building Python package in '/home/cyber/Desktop/HomeBot-ROS2-Navigation-main/src/robot_patrol'
[0.380s] INFO:colcon.colcon_core.shell:Skip shell extension 'powershell' for command environment: Not usable outside of PowerShell
[0.380s] DEBUG:colcon.colcon_core.shell:Skip shell extension 'dsv' for command environment
[0.383s] DEBUG:colcon.colcon_core.event_handler.log_command:Invoked command in '/home/cyber/Desktop/HomeBot-ROS2-Navigation-main/build/robot_description' returned '0': CMAKE_PREFIX_PATH=${CMAKE_PREFIX_PATH}:/home/cyber/Desktop/HomeBot-ROS2-Navigation-main/install/robot_patrol:/opt/ros/humble /usr/bin/cmake --build /home/cyber/Desktop/HomeBot-ROS2-Navigation-main/build/robot_description -- -j4 -l4
[0.405s] DEBUG:colcon.colcon_core.event_handler.log_command:Invoking command in '/home/cyber/Desktop/HomeBot-ROS2-Navigation-main/build/robot_description': CMAKE_PREFIX_PATH=${CMAKE_PREFIX_PATH}:/home/cyber/Desktop/HomeBot-ROS2-Navigation-main/install/robot_patrol:/opt/ros/humble /usr/bin/cmake --install /home/cyber/Desktop/HomeBot-ROS2-Navigation-main/build/robot_description
[0.413s] Level 1:colcon.colcon_core.environment:create_environment_scripts_only(robot_description)
[0.414s] DEBUG:colcon.colcon_core.event_handler.log_command:Invoked command in '/home/cyber/Desktop/HomeBot-ROS2-Navigation-main/build/robot_description' returned '0': CMAKE_PREFIX_PATH=${CMAKE_PREFIX_PATH}:/home/cyber/Desktop/HomeBot-ROS2-Navigation-main/install/robot_patrol:/opt/ros/humble /usr/bin/cmake --install /home/cyber/Desktop/HomeBot-ROS2-Navigation-main/build/robot_description
[0.416s] Level 1:colcon.colcon_core.environment:checking '/home/cyber/Desktop/HomeBot-ROS2-Navigation-main/install/robot_description' for CMake module files
[0.417s] Level 1:colcon.colcon_core.environment:checking '/home/cyber/Desktop/HomeBot-ROS2-Navigation-main/install/robot_description' for CMake config files
[0.417s] Level 1:colcon.colcon_core.shell:create_environment_hook('robot_description', 'cmake_prefix_path')
[0.417s] INFO:colcon.colcon_core.shell:Creating environment hook '/home/cyber/Desktop/HomeBot-ROS2-Navigation-main/install/robot_description/share/robot_description/hook/cmake_prefix_path.ps1'
[0.418s] INFO:colcon.colcon_core.shell:Creating environment descriptor '/home/cyber/Desktop/HomeBot-ROS2-Navigation-main/install/robot_description/share/robot_description/hook/cmake_prefix_path.dsv'
[0.418s] INFO:colcon.colcon_core.shell:Creating environment hook '/home/cyber/Desktop/HomeBot-ROS2-Navigation-main/install/robot_description/share/robot_description/hook/cmake_prefix_path.sh'
[0.418s] Level 1:colcon.colcon_core.environment:checking '/home/cyber/Desktop/HomeBot-ROS2-Navigation-main/install/robot_description/bin'
[0.419s] Level 1:colcon.colcon_core.environment:checking '/home/cyber/Desktop/HomeBot-ROS2-Navigation-main/install/robot_description/lib/pkgconfig/robot_description.pc'
[0.419s] Level 1:colcon.colcon_core.environment:checking '/home/cyber/Desktop/HomeBot-ROS2-Navigation-main/install/robot_description/lib/python3.10/site-packages'
[0.419s] Level 1:colcon.colcon_core.environment:checking '/home/cyber/Desktop/HomeBot-ROS2-Navigation-main/install/robot_description/bin'
[0.419s] INFO:colcon.colcon_core.shell:Creating package script '/home/cyber/Desktop/HomeBot-ROS2-Navigation-main/install/robot_description/share/robot_description/package.ps1'
[0.420s] INFO:colcon.colcon_core.shell:Creating package descriptor '/home/cyber/Desktop/HomeBot-ROS2-Navigation-main/install/robot_description/share/robot_description/package.dsv'
[0.421s] INFO:colcon.colcon_core.shell:Creating package script '/home/cyber/Desktop/HomeBot-ROS2-Navigation-main/install/robot_description/share/robot_description/package.sh'
[0.422s] INFO:colcon.colcon_core.shell:Creating package script '/home/cyber/Desktop/HomeBot-ROS2-Navigation-main/install/robot_description/share/robot_description/package.bash'
[0.422s] INFO:colcon.colcon_core.shell:Creating package script '/home/cyber/Desktop/HomeBot-ROS2-Navigation-main/install/robot_description/share/robot_description/package.zsh'
[0.423s] Level 1:colcon.colcon_core.environment:create_file_with_runtime_dependencies(/home/cyber/Desktop/HomeBot-ROS2-Navigation-main/install/robot_description/share/colcon-core/packages/robot_description)
[0.444s] Level 1:colcon.colcon_core.environment:create_environment_scripts_only(robot_description)
[0.444s] Level 1:colcon.colcon_core.environment:checking '/home/cyber/Desktop/HomeBot-ROS2-Navigation-main/install/robot_description' for CMake module files
[0.445s] Level 1:colcon.colcon_core.environment:checking '/home/cyber/Desktop/HomeBot-ROS2-Navigation-main/install/robot_description' for CMake config files
[0.445s] Level 1:colcon.colcon_core.shell:create_environment_hook('robot_description', 'cmake_prefix_path')
[0.445s] INFO:colcon.colcon_core.shell:Creating environment hook '/home/cyber/Desktop/HomeBot-ROS2-Navigation-main/install/robot_description/share/robot_description/hook/cmake_prefix_path.ps1'
[0.446s] INFO:colcon.colcon_core.shell:Creating environment descriptor '/home/cyber/Desktop/HomeBot-ROS2-Navigation-main/install/robot_description/share/robot_description/hook/cmake_prefix_path.dsv'
[0.446s] INFO:colcon.colcon_core.shell:Creating environment hook '/home/cyber/Desktop/HomeBot-ROS2-Navigation-main/install/robot_description/share/robot_description/hook/cmake_prefix_path.sh'
[0.447s] Level 1:colcon.colcon_core.environment:checking '/home/cyber/Desktop/HomeBot-ROS2-Navigation-main/install/robot_description/bin'
[0.447s] Level 1:colcon.colcon_core.environment:checking '/home/cyber/Desktop/HomeBot-ROS2-Navigation-main/install/robot_description/lib/pkgconfig/robot_description.pc'
[0.447s] Level 1:colcon.colcon_core.environment:checking '/home/cyber/Desktop/HomeBot-ROS2-Navigation-main/install/robot_description/lib/python3.10/site-packages'
[0.447s] Level 1:colcon.colcon_core.environment:checking '/home/cyber/Desktop/HomeBot-ROS2-Navigation-main/install/robot_description/bin'
[0.447s] INFO:colcon.colcon_core.shell:Creating package script '/home/cyber/Desktop/HomeBot-ROS2-Navigation-main/install/robot_description/share/robot_description/package.ps1'
[0.448s] INFO:colcon.colcon_core.shell:Creating package descriptor '/home/cyber/Desktop/HomeBot-ROS2-Navigation-main/install/robot_description/share/robot_description/package.dsv'
[0.448s] INFO:colcon.colcon_core.shell:Creating package script '/home/cyber/Desktop/HomeBot-ROS2-Navigation-main/install/robot_description/share/robot_description/package.sh'
[0.449s] INFO:colcon.colcon_core.shell:Creating package script '/home/cyber/Desktop/HomeBot-ROS2-Navigation-main/install/robot_description/share/robot_description/package.bash'
[0.449s] INFO:colcon.colcon_core.shell:Creating package script '/home/cyber/Desktop/HomeBot-ROS2-Navigation-main/install/robot_description/share/robot_description/package.zsh'
[0.449s] Level 1:colcon.colcon_core.environment:create_file_with_runtime_dependencies(/home/cyber/Desktop/HomeBot-ROS2-Navigation-main/install/robot_description/share/colcon-core/packages/robot_description)
[0.450s] INFO:colcon.colcon_ros.task.ament_cmake.build:Building ROS package in '/home/cyber/Desktop/HomeBot-ROS2-Navigation-main/src/robot_simulation' with build type 'ament_cmake'
[0.450s] INFO:colcon.colcon_cmake.task.cmake.build:Building CMake package in '/home/cyber/Desktop/HomeBot-ROS2-Navigation-main/src/robot_simulation'
[0.450s] INFO:colcon.colcon_core.shell:Skip shell extension 'powershell' for command environment: Not usable outside of PowerShell
[0.450s] DEBUG:colcon.colcon_core.shell:Skip shell extension 'dsv' for command environment
[0.476s] DEBUG:colcon.colcon_core.event_handler.log_command:Invoking command in '/home/cyber/Desktop/HomeBot-ROS2-Navigation-main/build/robot_simulation': CMAKE_PREFIX_PATH=/home/cyber/Desktop/HomeBot-ROS2-Navigation-main/install/robot_description:/home/cyber/Desktop/HomeBot-ROS2-Navigation-main/install/robot_simulation:/home/cyber/Desktop/HomeBot-ROS2-Navigation-main/install/robot_patrol:/opt/ros/humble /usr/bin/cmake --build /home/cyber/Desktop/HomeBot-ROS2-Navigation-main/build/robot_simulation -- -j4 -l4
[0.512s] DEBUG:colcon.colcon_core.event_handler.log_command:Invoked command in '/home/cyber/Desktop/HomeBot-ROS2-Navigation-main/build/robot_simulation' returned '0': CMAKE_PREFIX_PATH=/home/cyber/Desktop/HomeBot-ROS2-Navigation-main/install/robot_description:/home/cyber/Desktop/HomeBot-ROS2-Navigation-main/install/robot_simulation:/home/cyber/Desktop/HomeBot-ROS2-Navigation-main/install/robot_patrol:/opt/ros/humble /usr/bin/cmake --build /home/cyber/Desktop/HomeBot-ROS2-Navigation-main/build/robot_simulation -- -j4 -l4
[0.529s] DEBUG:colcon.colcon_core.event_handler.log_command:Invoking command in '/home/cyber/Desktop/HomeBot-ROS2-Navigation-main/build/robot_simulation': CMAKE_PREFIX_PATH=/home/cyber/Desktop/HomeBot-ROS2-Navigation-main/install/robot_description:/home/cyber/Desktop/HomeBot-ROS2-Navigation-main/install/robot_simulation:/home/cyber/Desktop/HomeBot-ROS2-Navigation-main/install/robot_patrol:/opt/ros/humble /usr/bin/cmake --install /home/cyber/Desktop/HomeBot-ROS2-Navigation-main/build/robot_simulation
[0.537s] Level 1:colcon.colcon_core.environment:create_environment_scripts_only(robot_simulation)
[0.538s] Level 1:colcon.colcon_core.environment:checking '/home/cyber/Desktop/HomeBot-ROS2-Navigation-main/install/robot_simulation' for CMake module files
[0.538s] DEBUG:colcon.colcon_core.event_handler.log_command:Invoked command in '/home/cyber/Desktop/HomeBot-ROS2-Navigation-main/build/robot_simulation' returned '0': CMAKE_PREFIX_PATH=/home/cyber/Desktop/HomeBot-ROS2-Navigation-main/install/robot_description:/home/cyber/Desktop/HomeBot-ROS2-Navigation-main/install/robot_simulation:/home/cyber/Desktop/HomeBot-ROS2-Navigation-main/install/robot_patrol:/opt/ros/humble /usr/bin/cmake --install /home/cyber/Desktop/HomeBot-ROS2-Navigation-main/build/robot_simulation
[0.538s] Level 1:colcon.colcon_core.environment:checking '/home/cyber/Desktop/HomeBot-ROS2-Navigation-main/install/robot_simulation' for CMake config files
[0.539s] Level 1:colcon.colcon_core.shell:create_environment_hook('robot_simulation', 'cmake_prefix_path')
[0.539s] INFO:colcon.colcon_core.shell:Creating environment hook '/home/cyber/Desktop/HomeBot-ROS2-Navigation-main/install/robot_simulation/share/robot_simulation/hook/cmake_prefix_path.ps1'
[0.539s] INFO:colcon.colcon_core.shell:Creating environment descriptor '/home/cyber/Desktop/HomeBot-ROS2-Navigation-main/install/robot_simulation/share/robot_simulation/hook/cmake_prefix_path.dsv'
[0.539s] INFO:colcon.colcon_core.shell:Creating environment hook '/home/cyber/Desktop/HomeBot-ROS2-Navigation-main/install/robot_simulation/share/robot_simulation/hook/cmake_prefix_path.sh'
[0.540s] Level 1:colcon.colcon_core.environment:checking '/home/cyber/Desktop/HomeBot-ROS2-Navigation-main/install/robot_simulation/bin'
[0.540s] Level 1:colcon.colcon_core.environment:checking '/home/cyber/Desktop/HomeBot-ROS2-Navigation-main/install/robot_simulation/lib/pkgconfig/robot_simulation.pc'
[0.540s] Level 1:colcon.colcon_core.environment:checking '/home/cyber/Desktop/HomeBot-ROS2-Navigation-main/install/robot_simulation/lib/python3.10/site-packages'
[0.540s] Level 1:colcon.colcon_core.environment:checking '/home/cyber/Desktop/HomeBot-ROS2-Navigation-main/install/robot_simulation/bin'
[0.540s] INFO:colcon.colcon_core.shell:Creating package script '/home/cyber/Desktop/HomeBot-ROS2-Navigation-main/install/robot_simulation/share/robot_simulation/package.ps1'
[0.540s] INFO:colcon.colcon_core.shell:Creating package descriptor '/home/cyber/Desktop/HomeBot-ROS2-Navigation-main/install/robot_simulation/share/robot_simulation/package.dsv'
[0.541s] INFO:colcon.colcon_core.shell:Creating package script '/home/cyber/Desktop/HomeBot-ROS2-Navigation-main/install/robot_simulation/share/robot_simulation/package.sh'
[0.549s] INFO:colcon.colcon_core.shell:Creating package script '/home/cyber/Desktop/HomeBot-ROS2-Navigation-main/install/robot_simulation/share/robot_simulation/package.bash'
[0.549s] INFO:colcon.colcon_core.shell:Creating package script '/home/cyber/Desktop/HomeBot-ROS2-Navigation-main/install/robot_simulation/share/robot_simulation/package.zsh'
[0.549s] Level 1:colcon.colcon_core.environment:create_file_with_runtime_dependencies(/home/cyber/Desktop/HomeBot-ROS2-Navigation-main/install/robot_simulation/share/colcon-core/packages/robot_simulation)
[0.566s] Level 1:colcon.colcon_core.environment:create_environment_scripts_only(robot_simulation)
[0.567s] Level 1:colcon.colcon_core.environment:checking '/home/cyber/Desktop/HomeBot-ROS2-Navigation-main/install/robot_simulation' for CMake module files
[0.567s] Level 1:colcon.colcon_core.environment:checking '/home/cyber/Desktop/HomeBot-ROS2-Navigation-main/install/robot_simulation' for CMake config files
[0.567s] Level 1:colcon.colcon_core.shell:create_environment_hook('robot_simulation', 'cmake_prefix_path')
[0.568s] INFO:colcon.colcon_core.shell:Creating environment hook '/home/cyber/Desktop/HomeBot-ROS2-Navigation-main/install/robot_simulation/share/robot_simulation/hook/cmake_prefix_path.ps1'
[0.568s] INFO:colcon.colcon_core.shell:Creating environment descriptor '/home/cyber/Desktop/HomeBot-ROS2-Navigation-main/install/robot_simulation/share/robot_simulation/hook/cmake_prefix_path.dsv'
[0.568s] INFO:colcon.colcon_core.shell:Creating environment hook '/home/cyber/Desktop/HomeBot-ROS2-Navigation-main/install/robot_simulation/share/robot_simulation/hook/cmake_prefix_path.sh'
[0.569s] Level 1:colcon.colcon_core.environment:checking '/home/cyber/Desktop/HomeBot-ROS2-Navigation-main/install/robot_simulation/bin'
[0.569s] Level 1:colcon.colcon_core.environment:checking '/home/cyber/Desktop/HomeBot-ROS2-Navigation-main/install/robot_simulation/lib/pkgconfig/robot_simulation.pc'
[0.569s] Level 1:colcon.colcon_core.environment:checking '/home/cyber/Desktop/HomeBot-ROS2-Navigation-main/install/robot_simulation/lib/python3.10/site-packages'
[0.569s] Level 1:colcon.colcon_core.environment:checking '/home/cyber/Desktop/HomeBot-ROS2-Navigation-main/install/robot_simulation/bin'
[0.570s] INFO:colcon.colcon_core.shell:Creating package script '/home/cyber/Desktop/HomeBot-ROS2-Navigation-main/install/robot_simulation/share/robot_simulation/package.ps1'
[0.570s] INFO:colcon.colcon_core.shell:Creating package descriptor '/home/cyber/Desktop/HomeBot-ROS2-Navigation-main/install/robot_simulation/share/robot_simulation/package.dsv'
[0.571s] INFO:colcon.colcon_core.shell:Creating package script '/home/cyber/Desktop/HomeBot-ROS2-Navigation-main/install/robot_simulation/share/robot_simulation/package.sh'
[0.571s] INFO:colcon.colcon_core.shell:Creating package script '/home/cyber/Desktop/HomeBot-ROS2-Navigation-main/install/robot_simulation/share/robot_simulation/package.bash'
[0.571s] INFO:colcon.colcon_core.shell:Creating package script '/home/cyber/Desktop/HomeBot-ROS2-Navigation-main/install/robot_simulation/share/robot_simulation/package.zsh'
[0.572s] Level 1:colcon.colcon_core.environment:create_file_with_runtime_dependencies(/home/cyber/Desktop/HomeBot-ROS2-Navigation-main/install/robot_simulation/share/colcon-core/packages/robot_simulation)
[0.874s] DEBUG:colcon.colcon_core.event_handler.log_command:Invoking command in '/home/cyber/Desktop/HomeBot-ROS2-Navigation-main/src/robot_patrol': PYTHONPATH=/home/cyber/Desktop/HomeBot-ROS2-Navigation-main/build/robot_patrol/prefix_override:/home/cyber/Desktop/HomeBot-ROS2-Navigation-main/install/robot_patrol/lib/python3.10/site-packages:${PYTHONPATH} /usr/bin/python3 -W ignore:setup.py install is deprecated setup.py egg_info --egg-base ../../build/robot_patrol build --build-base /home/cyber/Desktop/HomeBot-ROS2-Navigation-main/build/robot_patrol/build install --record /home/cyber/Desktop/HomeBot-ROS2-Navigation-main/build/robot_patrol/install.log --single-version-externally-managed install_data
[1.283s] Level 1:colcon.colcon_core.environment:checking '/home/cyber/Desktop/HomeBot-ROS2-Navigation-main/install/robot_patrol' for CMake module files
[1.284s] DEBUG:colcon.colcon_core.event_handler.log_command:Invoked command in '/home/cyber/Desktop/HomeBot-ROS2-Navigation-main/src/robot_patrol' returned '0': PYTHONPATH=/home/cyber/Desktop/HomeBot-ROS2-Navigation-main/build/robot_patrol/prefix_override:/home/cyber/Desktop/HomeBot-ROS2-Navigation-main/install/robot_patrol/lib/python3.10/site-packages:${PYTHONPATH} /usr/bin/python3 -W ignore:setup.py install is deprecated setup.py egg_info --egg-base ../../build/robot_patrol build --build-base /home/cyber/Desktop/HomeBot-ROS2-Navigation-main/build/robot_patrol/build install --record /home/cyber/Desktop/HomeBot-ROS2-Navigation-main/build/robot_patrol/install.log --single-version-externally-managed install_data
[1.284s] Level 1:colcon.colcon_core.environment:checking '/home/cyber/Desktop/HomeBot-ROS2-Navigation-main/install/robot_patrol' for CMake config files
[1.284s] Level 1:colcon.colcon_core.environment:checking '/home/cyber/Desktop/HomeBot-ROS2-Navigation-main/install/robot_patrol/lib'
[1.285s] Level 1:colcon.colcon_core.environment:checking '/home/cyber/Desktop/HomeBot-ROS2-Navigation-main/install/robot_patrol/bin'
[1.285s] Level 1:colcon.colcon_core.environment:checking '/home/cyber/Desktop/HomeBot-ROS2-Navigation-main/install/robot_patrol/lib/pkgconfig/robot_patrol.pc'
[1.285s] Level 1:colcon.colcon_core.environment:checking '/home/cyber/Desktop/HomeBot-ROS2-Navigation-main/install/robot_patrol/lib/python3.10/site-packages'
[1.285s] Level 1:colcon.colcon_core.shell:create_environment_hook('robot_patrol', 'pythonpath')
[1.285s] INFO:colcon.colcon_core.shell:Creating environment hook '/home/cyber/Desktop/HomeBot-ROS2-Navigation-main/install/robot_patrol/share/robot_patrol/hook/pythonpath.ps1'
[1.285s] INFO:colcon.colcon_core.shell:Creating environment descriptor '/home/cyber/Desktop/HomeBot-ROS2-Navigation-main/install/robot_patrol/share/robot_patrol/hook/pythonpath.dsv'
[1.286s] INFO:colcon.colcon_core.shell:Creating environment hook '/home/cyber/Desktop/HomeBot-ROS2-Navigation-main/install/robot_patrol/share/robot_patrol/hook/pythonpath.sh'
[1.286s] Level 1:colcon.colcon_core.environment:checking '/home/cyber/Desktop/HomeBot-ROS2-Navigation-main/install/robot_patrol/bin'
[1.286s] Level 1:colcon.colcon_core.environment:create_environment_scripts_only(robot_patrol)
[1.286s] INFO:colcon.colcon_core.shell:Creating package script '/home/cyber/Desktop/HomeBot-ROS2-Navigation-main/install/robot_patrol/share/robot_patrol/package.ps1'
[1.286s] INFO:colcon.colcon_core.shell:Creating package descriptor '/home/cyber/Desktop/HomeBot-ROS2-Navigation-main/install/robot_patrol/share/robot_patrol/package.dsv'
[1.287s] INFO:colcon.colcon_core.shell:Creating package script '/home/cyber/Desktop/HomeBot-ROS2-Navigation-main/install/robot_patrol/share/robot_patrol/package.sh'
[1.287s] INFO:colcon.colcon_core.shell:Creating package script '/home/cyber/Desktop/HomeBot-ROS2-Navigation-main/install/robot_patrol/share/robot_patrol/package.bash'
[1.287s] INFO:colcon.colcon_core.shell:Creating package script '/home/cyber/Desktop/HomeBot-ROS2-Navigation-main/install/robot_patrol/share/robot_patrol/package.zsh'
[1.287s] Level 1:colcon.colcon_core.environment:create_file_with_runtime_dependencies(/home/cyber/Desktop/HomeBot-ROS2-Navigation-main/install/robot_patrol/share/colcon-core/packages/robot_patrol)
[1.287s] DEBUG:colcon.colcon_parallel_executor.executor.parallel:closing loop
[1.287s] DEBUG:colcon.colcon_parallel_executor.executor.parallel:loop closed
[1.288s] DEBUG:colcon.colcon_parallel_executor.executor.parallel:run_until_complete finished with '0'
[1.288s] DEBUG:colcon.colcon_core.event_reactor:joining thread
[1.291s] INFO:colcon.colcon_core.plugin_system:Skipping extension 'colcon_notification.desktop_notification.terminal_notifier': Not used on non-Darwin systems
[1.291s] INFO:colcon.colcon_core.plugin_system:Skipping extension 'colcon_notification.desktop_notification.win32': Not used on non-Windows systems
[1.291s] INFO:colcon.colcon_notification.desktop_notification:Sending desktop notification using 'notify2'
[1.297s] DEBUG:colcon.colcon_core.event_reactor:joined thread
[1.297s] INFO:colcon.colcon_core.shell:Creating prefix script '/home/cyber/Desktop/HomeBot-ROS2-Navigation-main/install/local_setup.ps1'
[1.298s] INFO:colcon.colcon_core.shell:Creating prefix util module '/home/cyber/Desktop/HomeBot-ROS2-Navigation-main/install/_local_setup_util_ps1.py'
[1.299s] INFO:colcon.colcon_core.shell:Creating prefix chain script '/home/cyber/Desktop/HomeBot-ROS2-Navigation-main/install/setup.ps1'
[1.300s] INFO:colcon.colcon_core.shell:Creating prefix script '/home/cyber/Desktop/HomeBot-ROS2-Navigation-main/install/local_setup.sh'
[1.300s] INFO:colcon.colcon_core.shell:Creating prefix util module '/home/cyber/Desktop/HomeBot-ROS2-Navigation-main/install/_local_setup_util_sh.py'
[1.300s] INFO:colcon.colcon_core.shell:Creating prefix chain script '/home/cyber/Desktop/HomeBot-ROS2-Navigation-main/install/setup.sh'
[1.301s] INFO:colcon.colcon_core.shell:Creating prefix script '/home/cyber/Desktop/HomeBot-ROS2-Navigation-main/install/local_setup.bash'
[1.301s] INFO:colcon.colcon_core.shell:Creating prefix chain script '/home/cyber/Desktop/HomeBot-ROS2-Navigation-main/install/setup.bash'
[1.302s] INFO:colcon.colcon_core.shell:Creating prefix script '/home/cyber/Desktop/HomeBot-ROS2-Navigation-main/install/local_setup.zsh'
[1.302s] INFO:colcon.colcon_core.shell:Creating prefix chain script '/home/cyber/Desktop/HomeBot-ROS2-Navigation-main/install/setup.zsh'
