[0.358s] DEBUG:colcon:Command line arguments: ['/usr/bin/colcon', 'build']
[0.358s] DEBUG:colcon:Parsed command line arguments: Namespace(log_base=None, log_level=None, verb_name='build', build_base='build', install_base='install', merge_install=False, symlink_install=False, test_result_base=None, continue_on_error=False, executor='parallel', parallel_workers=4, event_handlers=None, ignore_user_meta=False, metas=['./colcon.meta'], base_paths=['.'], packages_ignore=None, packages_ignore_regex=None, paths=None, packages_up_to=None, packages_up_to_regex=None, packages_above=None, packages_above_and_dependencies=None, packages_above_depth=None, packages_select_by_dep=None, packages_skip_by_dep=None, packages_skip_up_to=None, packages_select_build_failed=False, packages_skip_build_finished=False, packages_select_test_failures=False, packages_skip_test_passed=False, packages_select=None, packages_skip=None, packages_select_regex=None, packages_skip_regex=None, packages_start=None, packages_end=None, allow_overriding=[], cmake_args=None, cmake_target=None, cmake_target_skip_unavailable=False, cmake_clean_cache=False, cmake_clean_first=False, cmake_force_configure=False, ament_cmake_args=None, catkin_cmake_args=None, catkin_skip_building_tests=False, mixin_files=None, mixin=None, verb_parser=<colcon_mixin.mixin.mixin_argument.MixinArgumentDecorator object at 0x76237ce6c5e0>, verb_extension=<colcon_core.verb.build.BuildVerb object at 0x76237ce3bb80>, main=<bound method BuildVerb.main of <colcon_core.verb.build.BuildVerb object at 0x76237ce3bb80>>, mixin_verb=('build',))
[0.607s] Level 1:colcon.colcon_core.package_discovery:discover_packages(colcon_meta) check parameters
[0.607s] Level 1:colcon.colcon_core.package_discovery:discover_packages(recursive) check parameters
[0.607s] Level 1:colcon.colcon_core.package_discovery:discover_packages(ignore) check parameters
[0.607s] Level 1:colcon.colcon_core.package_discovery:discover_packages(path) check parameters
[0.607s] Level 1:colcon.colcon_core.package_discovery:discover_packages(colcon_meta) discover
[0.607s] Level 1:colcon.colcon_core.package_discovery:discover_packages(recursive) discover
[0.607s] INFO:colcon.colcon_core.package_discovery:Crawling recursively for packages in '/home/cyber/Desktop/HomeBot-ROS2-Navigation-main'
[0.607s] Level 1:colcon.colcon_core.package_identification:_identify(.) by extensions ['ignore', 'ignore_ament_install']
[0.608s] Level 1:colcon.colcon_core.package_identification:_identify(.) by extension 'ignore'
[0.608s] Level 1:colcon.colcon_core.package_identification:_identify(.) by extension 'ignore_ament_install'
[0.608s] Level 1:colcon.colcon_core.package_identification:_identify(.) by extensions ['colcon_pkg']
[0.608s] Level 1:colcon.colcon_core.package_identification:_identify(.) by extension 'colcon_pkg'
[0.608s] Level 1:colcon.colcon_core.package_identification:_identify(.) by extensions ['colcon_meta']
[0.608s] Level 1:colcon.colcon_core.package_identification:_identify(.) by extension 'colcon_meta'
[0.608s] Level 1:colcon.colcon_core.package_identification:_identify(.) by extensions ['ros']
[0.608s] Level 1:colcon.colcon_core.package_identification:_identify(.) by extension 'ros'
[0.663s] Level 1:colcon.colcon_core.package_identification:_identify(.) by extensions ['cmake', 'python']
[0.664s] Level 1:colcon.colcon_core.package_identification:_identify(.) by extension 'cmake'
[0.664s] Level 1:colcon.colcon_core.package_identification:_identify(.) by extension 'python'
[0.664s] Level 1:colcon.colcon_core.package_identification:_identify(.) by extensions ['python_setup_py']
[0.664s] Level 1:colcon.colcon_core.package_identification:_identify(.) by extension 'python_setup_py'
[0.664s] Level 1:colcon.colcon_core.package_identification:_identify(build) by extensions ['ignore', 'ignore_ament_install']
[0.664s] Level 1:colcon.colcon_core.package_identification:_identify(build) by extension 'ignore'
[0.664s] Level 1:colcon.colcon_core.package_identification:_identify(build) ignored
[0.664s] Level 1:colcon.colcon_core.package_identification:_identify(install) by extensions ['ignore', 'ignore_ament_install']
[0.664s] Level 1:colcon.colcon_core.package_identification:_identify(install) by extension 'ignore'
[0.664s] Level 1:colcon.colcon_core.package_identification:_identify(install) ignored
[0.664s] Level 1:colcon.colcon_core.package_identification:_identify(log) by extensions ['ignore', 'ignore_ament_install']
[0.664s] Level 1:colcon.colcon_core.package_identification:_identify(log) by extension 'ignore'
[0.665s] Level 1:colcon.colcon_core.package_identification:_identify(log) ignored
[0.665s] Level 1:colcon.colcon_core.package_identification:_identify(src) by extensions ['ignore', 'ignore_ament_install']
[0.665s] Level 1:colcon.colcon_core.package_identification:_identify(src) by extension 'ignore'
[0.665s] Level 1:colcon.colcon_core.package_identification:_identify(src) by extension 'ignore_ament_install'
[0.665s] Level 1:colcon.colcon_core.package_identification:_identify(src) by extensions ['colcon_pkg']
[0.665s] Level 1:colcon.colcon_core.package_identification:_identify(src) by extension 'colcon_pkg'
[0.665s] Level 1:colcon.colcon_core.package_identification:_identify(src) by extensions ['colcon_meta']
[0.665s] Level 1:colcon.colcon_core.package_identification:_identify(src) by extension 'colcon_meta'
[0.665s] Level 1:colcon.colcon_core.package_identification:_identify(src) by extensions ['ros']
[0.665s] Level 1:colcon.colcon_core.package_identification:_identify(src) by extension 'ros'
[0.665s] Level 1:colcon.colcon_core.package_identification:_identify(src) by extensions ['cmake', 'python']
[0.665s] Level 1:colcon.colcon_core.package_identification:_identify(src) by extension 'cmake'
[0.665s] Level 1:colcon.colcon_core.package_identification:_identify(src) by extension 'python'
[0.665s] Level 1:colcon.colcon_core.package_identification:_identify(src) by extensions ['python_setup_py']
[0.665s] Level 1:colcon.colcon_core.package_identification:_identify(src) by extension 'python_setup_py'
[0.665s] Level 1:colcon.colcon_core.package_identification:_identify(src/robot_description) by extensions ['ignore', 'ignore_ament_install']
[0.665s] Level 1:colcon.colcon_core.package_identification:_identify(src/robot_description) by extension 'ignore'
[0.665s] Level 1:colcon.colcon_core.package_identification:_identify(src/robot_description) by extension 'ignore_ament_install'
[0.665s] Level 1:colcon.colcon_core.package_identification:_identify(src/robot_description) by extensions ['colcon_pkg']
[0.665s] Level 1:colcon.colcon_core.package_identification:_identify(src/robot_description) by extension 'colcon_pkg'
[0.665s] Level 1:colcon.colcon_core.package_identification:_identify(src/robot_description) by extensions ['colcon_meta']
[0.665s] Level 1:colcon.colcon_core.package_identification:_identify(src/robot_description) by extension 'colcon_meta'
[0.665s] Level 1:colcon.colcon_core.package_identification:_identify(src/robot_description) by extensions ['ros']
[0.665s] Level 1:colcon.colcon_core.package_identification:_identify(src/robot_description) by extension 'ros'
[0.698s] DEBUG:colcon.colcon_core.package_identification:Package 'src/robot_description' with type 'ros.ament_cmake' and name 'robot_description'
[0.698s] Level 1:colcon.colcon_core.package_identification:_identify(src/robot_patrol) by extensions ['ignore', 'ignore_ament_install']
[0.698s] Level 1:colcon.colcon_core.package_identification:_identify(src/robot_patrol) by extension 'ignore'
[0.698s] Level 1:colcon.colcon_core.package_identification:_identify(src/robot_patrol) by extension 'ignore_ament_install'
[0.698s] Level 1:colcon.colcon_core.package_identification:_identify(src/robot_patrol) by extensions ['colcon_pkg']
[0.698s] Level 1:colcon.colcon_core.package_identification:_identify(src/robot_patrol) by extension 'colcon_pkg'
[0.698s] Level 1:colcon.colcon_core.package_identification:_identify(src/robot_patrol) by extensions ['colcon_meta']
[0.699s] Level 1:colcon.colcon_core.package_identification:_identify(src/robot_patrol) by extension 'colcon_meta'
[0.699s] Level 1:colcon.colcon_core.package_identification:_identify(src/robot_patrol) by extensions ['ros']
[0.699s] Level 1:colcon.colcon_core.package_identification:_identify(src/robot_patrol) by extension 'ros'
[0.700s] DEBUG:colcon.colcon_core.package_identification:Package 'src/robot_patrol' with type 'ros.ament_python' and name 'robot_patrol'
[0.701s] Level 1:colcon.colcon_core.package_identification:_identify(src/robot_simulation) by extensions ['ignore', 'ignore_ament_install']
[0.701s] Level 1:colcon.colcon_core.package_identification:_identify(src/robot_simulation) by extension 'ignore'
[0.701s] Level 1:colcon.colcon_core.package_identification:_identify(src/robot_simulation) by extension 'ignore_ament_install'
[0.701s] Level 1:colcon.colcon_core.package_identification:_identify(src/robot_simulation) by extensions ['colcon_pkg']
[0.701s] Level 1:colcon.colcon_core.package_identification:_identify(src/robot_simulation) by extension 'colcon_pkg'
[0.701s] Level 1:colcon.colcon_core.package_identification:_identify(src/robot_simulation) by extensions ['colcon_meta']
[0.701s] Level 1:colcon.colcon_core.package_identification:_identify(src/robot_simulation) by extension 'colcon_meta'
[0.701s] Level 1:colcon.colcon_core.package_identification:_identify(src/robot_simulation) by extensions ['ros']
[0.701s] Level 1:colcon.colcon_core.package_identification:_identify(src/robot_simulation) by extension 'ros'
[0.703s] DEBUG:colcon.colcon_core.package_identification:Package 'src/robot_simulation' with type 'ros.ament_cmake' and name 'robot_simulation'
[0.703s] Level 1:colcon.colcon_core.package_discovery:discover_packages(recursive) using defaults
[0.703s] Level 1:colcon.colcon_core.package_discovery:discover_packages(ignore) discover
[0.703s] Level 1:colcon.colcon_core.package_discovery:discover_packages(ignore) using defaults
[0.703s] Level 1:colcon.colcon_core.package_discovery:discover_packages(path) discover
[0.703s] Level 1:colcon.colcon_core.package_discovery:discover_packages(path) using defaults
[0.871s] Level 1:colcon.colcon_core.package_discovery:discover_packages(prefix_path) check parameters
[0.871s] Level 1:colcon.colcon_core.package_discovery:discover_packages(prefix_path) discover
[0.874s] DEBUG:colcon.colcon_installed_package_information.package_discovery:Found 335 installed packages in /opt/ros/humble
[0.875s] Level 1:colcon.colcon_core.package_discovery:discover_packages(prefix_path) using defaults
[0.919s] Level 5:colcon.colcon_core.verb:set package 'robot_description' build argument 'cmake_args' from command line to 'None'
[0.919s] Level 5:colcon.colcon_core.verb:set package 'robot_description' build argument 'cmake_target' from command line to 'None'
[0.919s] Level 5:colcon.colcon_core.verb:set package 'robot_description' build argument 'cmake_target_skip_unavailable' from command line to 'False'
[0.919s] Level 5:colcon.colcon_core.verb:set package 'robot_description' build argument 'cmake_clean_cache' from command line to 'False'
[0.919s] Level 5:colcon.colcon_core.verb:set package 'robot_description' build argument 'cmake_clean_first' from command line to 'False'
[0.919s] Level 5:colcon.colcon_core.verb:set package 'robot_description' build argument 'cmake_force_configure' from command line to 'False'
[0.919s] Level 5:colcon.colcon_core.verb:set package 'robot_description' build argument 'ament_cmake_args' from command line to 'None'
[0.919s] Level 5:colcon.colcon_core.verb:set package 'robot_description' build argument 'catkin_cmake_args' from command line to 'None'
[0.919s] Level 5:colcon.colcon_core.verb:set package 'robot_description' build argument 'catkin_skip_building_tests' from command line to 'False'
[0.919s] DEBUG:colcon.colcon_core.verb:Building package 'robot_description' with the following arguments: {'ament_cmake_args': None, 'build_base': '/home/cyber/Desktop/HomeBot-ROS2-Navigation-main/build/robot_description', 'catkin_cmake_args': None, 'catkin_skip_building_tests': False, 'cmake_args': None, 'cmake_clean_cache': False, 'cmake_clean_first': False, 'cmake_force_configure': False, 'cmake_target': None, 'cmake_target_skip_unavailable': False, 'install_base': '/home/cyber/Desktop/HomeBot-ROS2-Navigation-main/install/robot_description', 'merge_install': False, 'path': '/home/cyber/Desktop/HomeBot-ROS2-Navigation-main/src/robot_description', 'symlink_install': False, 'test_result_base': None}
[0.919s] Level 5:colcon.colcon_core.verb:set package 'robot_patrol' build argument 'cmake_args' from command line to 'None'
[0.919s] Level 5:colcon.colcon_core.verb:set package 'robot_patrol' build argument 'cmake_target' from command line to 'None'
[0.919s] Level 5:colcon.colcon_core.verb:set package 'robot_patrol' build argument 'cmake_target_skip_unavailable' from command line to 'False'
[0.919s] Level 5:colcon.colcon_core.verb:set package 'robot_patrol' build argument 'cmake_clean_cache' from command line to 'False'
[0.919s] Level 5:colcon.colcon_core.verb:set package 'robot_patrol' build argument 'cmake_clean_first' from command line to 'False'
[0.919s] Level 5:colcon.colcon_core.verb:set package 'robot_patrol' build argument 'cmake_force_configure' from command line to 'False'
[0.919s] Level 5:colcon.colcon_core.verb:set package 'robot_patrol' build argument 'ament_cmake_args' from command line to 'None'
[0.919s] Level 5:colcon.colcon_core.verb:set package 'robot_patrol' build argument 'catkin_cmake_args' from command line to 'None'
[0.919s] Level 5:colcon.colcon_core.verb:set package 'robot_patrol' build argument 'catkin_skip_building_tests' from command line to 'False'
[0.919s] DEBUG:colcon.colcon_core.verb:Building package 'robot_patrol' with the following arguments: {'ament_cmake_args': None, 'build_base': '/home/cyber/Desktop/HomeBot-ROS2-Navigation-main/build/robot_patrol', 'catkin_cmake_args': None, 'catkin_skip_building_tests': False, 'cmake_args': None, 'cmake_clean_cache': False, 'cmake_clean_first': False, 'cmake_force_configure': False, 'cmake_target': None, 'cmake_target_skip_unavailable': False, 'install_base': '/home/cyber/Desktop/HomeBot-ROS2-Navigation-main/install/robot_patrol', 'merge_install': False, 'path': '/home/cyber/Desktop/HomeBot-ROS2-Navigation-main/src/robot_patrol', 'symlink_install': False, 'test_result_base': None}
[0.919s] Level 5:colcon.colcon_core.verb:set package 'robot_simulation' build argument 'cmake_args' from command line to 'None'
[0.919s] Level 5:colcon.colcon_core.verb:set package 'robot_simulation' build argument 'cmake_target' from command line to 'None'
[0.919s] Level 5:colcon.colcon_core.verb:set package 'robot_simulation' build argument 'cmake_target_skip_unavailable' from command line to 'False'
[0.920s] Level 5:colcon.colcon_core.verb:set package 'robot_simulation' build argument 'cmake_clean_cache' from command line to 'False'
[0.920s] Level 5:colcon.colcon_core.verb:set package 'robot_simulation' build argument 'cmake_clean_first' from command line to 'False'
[0.920s] Level 5:colcon.colcon_core.verb:set package 'robot_simulation' build argument 'cmake_force_configure' from command line to 'False'
[0.920s] Level 5:colcon.colcon_core.verb:set package 'robot_simulation' build argument 'ament_cmake_args' from command line to 'None'
[0.920s] Level 5:colcon.colcon_core.verb:set package 'robot_simulation' build argument 'catkin_cmake_args' from command line to 'None'
[0.920s] Level 5:colcon.colcon_core.verb:set package 'robot_simulation' build argument 'catkin_skip_building_tests' from command line to 'False'
[0.920s] DEBUG:colcon.colcon_core.verb:Building package 'robot_simulation' with the following arguments: {'ament_cmake_args': None, 'build_base': '/home/cyber/Desktop/HomeBot-ROS2-Navigation-main/build/robot_simulation', 'catkin_cmake_args': None, 'catkin_skip_building_tests': False, 'cmake_args': None, 'cmake_clean_cache': False, 'cmake_clean_first': False, 'cmake_force_configure': False, 'cmake_target': None, 'cmake_target_skip_unavailable': False, 'install_base': '/home/cyber/Desktop/HomeBot-ROS2-Navigation-main/install/robot_simulation', 'merge_install': False, 'path': '/home/cyber/Desktop/HomeBot-ROS2-Navigation-main/src/robot_simulation', 'symlink_install': False, 'test_result_base': None}
[0.920s] INFO:colcon.colcon_core.executor:Executing jobs using 'parallel' executor
[0.921s] DEBUG:colcon.colcon_parallel_executor.executor.parallel:run_until_complete
[0.921s] INFO:colcon.colcon_ros.task.ament_cmake.build:Building ROS package in '/home/cyber/Desktop/HomeBot-ROS2-Navigation-main/src/robot_description' with build type 'ament_cmake'
[0.921s] INFO:colcon.colcon_cmake.task.cmake.build:Building CMake package in '/home/cyber/Desktop/HomeBot-ROS2-Navigation-main/src/robot_description'
[0.924s] INFO:colcon.colcon_core.plugin_system:Skipping extension 'colcon_core.shell.bat': Not used on non-Windows systems
[0.924s] INFO:colcon.colcon_core.shell:Skip shell extension 'powershell' for command environment: Not usable outside of PowerShell
[0.924s] DEBUG:colcon.colcon_core.shell:Skip shell extension 'dsv' for command environment
[0.926s] INFO:colcon.colcon_ros.task.ament_python.build:Building ROS package in '/home/cyber/Desktop/HomeBot-ROS2-Navigation-main/src/robot_patrol' with build type 'ament_python'
[0.926s] Level 1:colcon.colcon_core.shell:create_environment_hook('robot_patrol', 'ament_prefix_path')
[0.927s] INFO:colcon.colcon_core.shell:Creating environment hook '/home/cyber/Desktop/HomeBot-ROS2-Navigation-main/install/robot_patrol/share/robot_patrol/hook/ament_prefix_path.ps1'
[0.960s] INFO:colcon.colcon_core.shell:Creating environment descriptor '/home/cyber/Desktop/HomeBot-ROS2-Navigation-main/install/robot_patrol/share/robot_patrol/hook/ament_prefix_path.dsv'
[0.974s] INFO:colcon.colcon_core.shell:Creating environment hook '/home/cyber/Desktop/HomeBot-ROS2-Navigation-main/install/robot_patrol/share/robot_patrol/hook/ament_prefix_path.sh'
[0.976s] INFO:colcon.colcon_core.shell:Skip shell extension 'powershell' for command environment: Not usable outside of PowerShell
[0.976s] DEBUG:colcon.colcon_core.shell:Skip shell extension 'dsv' for command environment
[1.024s] DEBUG:colcon.colcon_core.event_handler.log_command:Invoking command in '/home/cyber/Desktop/HomeBot-ROS2-Navigation-main/build/robot_description': CMAKE_PREFIX_PATH=/opt/ros/humble /usr/bin/cmake --build /home/cyber/Desktop/HomeBot-ROS2-Navigation-main/build/robot_description -- -j4 -l4
[1.207s] INFO:colcon.colcon_core.task.python.build:Building Python package in '/home/cyber/Desktop/HomeBot-ROS2-Navigation-main/src/robot_patrol'
[1.208s] INFO:colcon.colcon_core.shell:Skip shell extension 'powershell' for command environment: Not usable outside of PowerShell
[1.208s] DEBUG:colcon.colcon_core.shell:Skip shell extension 'dsv' for command environment
[2.367s] DEBUG:colcon.colcon_core.event_handler.log_command:Invoked command in '/home/cyber/Desktop/HomeBot-ROS2-Navigation-main/build/robot_description' returned '0': CMAKE_PREFIX_PATH=/opt/ros/humble /usr/bin/cmake --build /home/cyber/Desktop/HomeBot-ROS2-Navigation-main/build/robot_description -- -j4 -l4
[2.389s] DEBUG:colcon.colcon_core.event_handler.log_command:Invoking command in '/home/cyber/Desktop/HomeBot-ROS2-Navigation-main/build/robot_description': CMAKE_PREFIX_PATH=/opt/ros/humble /usr/bin/cmake --install /home/cyber/Desktop/HomeBot-ROS2-Navigation-main/build/robot_description
[2.397s] Level 1:colcon.colcon_core.environment:create_environment_scripts_only(robot_description)
[2.397s] DEBUG:colcon.colcon_core.event_handler.log_command:Invoked command in '/home/cyber/Desktop/HomeBot-ROS2-Navigation-main/build/robot_description' returned '0': CMAKE_PREFIX_PATH=/opt/ros/humble /usr/bin/cmake --install /home/cyber/Desktop/HomeBot-ROS2-Navigation-main/build/robot_description
[2.652s] Level 1:colcon.colcon_core.environment:checking '/home/cyber/Desktop/HomeBot-ROS2-Navigation-main/install/robot_description' for CMake module files
[2.653s] Level 1:colcon.colcon_core.environment:checking '/home/cyber/Desktop/HomeBot-ROS2-Navigation-main/install/robot_description' for CMake config files
[2.653s] Level 1:colcon.colcon_core.shell:create_environment_hook('robot_description', 'cmake_prefix_path')
[2.653s] INFO:colcon.colcon_core.shell:Creating environment hook '/home/cyber/Desktop/HomeBot-ROS2-Navigation-main/install/robot_description/share/robot_description/hook/cmake_prefix_path.ps1'
[2.654s] INFO:colcon.colcon_core.shell:Creating environment descriptor '/home/cyber/Desktop/HomeBot-ROS2-Navigation-main/install/robot_description/share/robot_description/hook/cmake_prefix_path.dsv'
[2.655s] INFO:colcon.colcon_core.shell:Creating environment hook '/home/cyber/Desktop/HomeBot-ROS2-Navigation-main/install/robot_description/share/robot_description/hook/cmake_prefix_path.sh'
[2.656s] Level 1:colcon.colcon_core.environment:checking '/home/cyber/Desktop/HomeBot-ROS2-Navigation-main/install/robot_description/bin'
[2.656s] Level 1:colcon.colcon_core.environment:checking '/home/cyber/Desktop/HomeBot-ROS2-Navigation-main/install/robot_description/lib/pkgconfig/robot_description.pc'
[2.656s] Level 1:colcon.colcon_core.environment:checking '/home/cyber/Desktop/HomeBot-ROS2-Navigation-main/install/robot_description/lib/python3.10/site-packages'
[2.657s] Level 1:colcon.colcon_core.environment:checking '/home/cyber/Desktop/HomeBot-ROS2-Navigation-main/install/robot_description/bin'
[2.657s] INFO:colcon.colcon_core.shell:Creating package script '/home/cyber/Desktop/HomeBot-ROS2-Navigation-main/install/robot_description/share/robot_description/package.ps1'
[2.672s] INFO:colcon.colcon_core.shell:Creating package descriptor '/home/cyber/Desktop/HomeBot-ROS2-Navigation-main/install/robot_description/share/robot_description/package.dsv'
[2.685s] INFO:colcon.colcon_core.shell:Creating package script '/home/cyber/Desktop/HomeBot-ROS2-Navigation-main/install/robot_description/share/robot_description/package.sh'
[2.741s] INFO:colcon.colcon_core.shell:Creating package script '/home/cyber/Desktop/HomeBot-ROS2-Navigation-main/install/robot_description/share/robot_description/package.bash'
[2.823s] INFO:colcon.colcon_core.shell:Creating package script '/home/cyber/Desktop/HomeBot-ROS2-Navigation-main/install/robot_description/share/robot_description/package.zsh'
[2.852s] Level 1:colcon.colcon_core.environment:create_file_with_runtime_dependencies(/home/cyber/Desktop/HomeBot-ROS2-Navigation-main/install/robot_description/share/colcon-core/packages/robot_description)
[2.912s] Level 1:colcon.colcon_core.environment:create_environment_scripts_only(robot_description)
[2.913s] Level 1:colcon.colcon_core.environment:checking '/home/cyber/Desktop/HomeBot-ROS2-Navigation-main/install/robot_description' for CMake module files
[2.913s] Level 1:colcon.colcon_core.environment:checking '/home/cyber/Desktop/HomeBot-ROS2-Navigation-main/install/robot_description' for CMake config files
[2.913s] Level 1:colcon.colcon_core.shell:create_environment_hook('robot_description', 'cmake_prefix_path')
[2.913s] INFO:colcon.colcon_core.shell:Creating environment hook '/home/cyber/Desktop/HomeBot-ROS2-Navigation-main/install/robot_description/share/robot_description/hook/cmake_prefix_path.ps1'
[2.952s] INFO:colcon.colcon_core.shell:Creating environment descriptor '/home/cyber/Desktop/HomeBot-ROS2-Navigation-main/install/robot_description/share/robot_description/hook/cmake_prefix_path.dsv'
[3.023s] INFO:colcon.colcon_core.shell:Creating environment hook '/home/cyber/Desktop/HomeBot-ROS2-Navigation-main/install/robot_description/share/robot_description/hook/cmake_prefix_path.sh'
[3.094s] Level 1:colcon.colcon_core.environment:checking '/home/cyber/Desktop/HomeBot-ROS2-Navigation-main/install/robot_description/bin'
[3.094s] Level 1:colcon.colcon_core.environment:checking '/home/cyber/Desktop/HomeBot-ROS2-Navigation-main/install/robot_description/lib/pkgconfig/robot_description.pc'
[3.094s] Level 1:colcon.colcon_core.environment:checking '/home/cyber/Desktop/HomeBot-ROS2-Navigation-main/install/robot_description/lib/python3.10/site-packages'
[3.095s] Level 1:colcon.colcon_core.environment:checking '/home/cyber/Desktop/HomeBot-ROS2-Navigation-main/install/robot_description/bin'
[3.095s] INFO:colcon.colcon_core.shell:Creating package script '/home/cyber/Desktop/HomeBot-ROS2-Navigation-main/install/robot_description/share/robot_description/package.ps1'
[3.140s] INFO:colcon.colcon_core.shell:Creating package descriptor '/home/cyber/Desktop/HomeBot-ROS2-Navigation-main/install/robot_description/share/robot_description/package.dsv'
[3.141s] INFO:colcon.colcon_core.shell:Creating package script '/home/cyber/Desktop/HomeBot-ROS2-Navigation-main/install/robot_description/share/robot_description/package.sh'
[3.142s] INFO:colcon.colcon_core.shell:Creating package script '/home/cyber/Desktop/HomeBot-ROS2-Navigation-main/install/robot_description/share/robot_description/package.bash'
[3.143s] INFO:colcon.colcon_core.shell:Creating package script '/home/cyber/Desktop/HomeBot-ROS2-Navigation-main/install/robot_description/share/robot_description/package.zsh'
[3.143s] Level 1:colcon.colcon_core.environment:create_file_with_runtime_dependencies(/home/cyber/Desktop/HomeBot-ROS2-Navigation-main/install/robot_description/share/colcon-core/packages/robot_description)
[3.144s] INFO:colcon.colcon_ros.task.ament_cmake.build:Building ROS package in '/home/cyber/Desktop/HomeBot-ROS2-Navigation-main/src/robot_simulation' with build type 'ament_cmake'
[3.144s] INFO:colcon.colcon_cmake.task.cmake.build:Building CMake package in '/home/cyber/Desktop/HomeBot-ROS2-Navigation-main/src/robot_simulation'
[3.145s] INFO:colcon.colcon_core.shell:Skip shell extension 'powershell' for command environment: Not usable outside of PowerShell
[3.145s] DEBUG:colcon.colcon_core.shell:Skip shell extension 'dsv' for command environment
[3.189s] DEBUG:colcon.colcon_core.event_handler.log_command:Invoking command in '/home/cyber/Desktop/HomeBot-ROS2-Navigation-main/build/robot_simulation': AMENT_PREFIX_PATH=/home/cyber/Desktop/HomeBot-ROS2-Navigation-main/install/robot_description:${AMENT_PREFIX_PATH} CMAKE_PREFIX_PATH=/home/cyber/Desktop/HomeBot-ROS2-Navigation-main/install/robot_description:/opt/ros/humble /usr/bin/cmake --build /home/cyber/Desktop/HomeBot-ROS2-Navigation-main/build/robot_simulation -- -j4 -l4
[3.343s] DEBUG:colcon.colcon_core.event_handler.log_command:Invoked command in '/home/cyber/Desktop/HomeBot-ROS2-Navigation-main/build/robot_simulation' returned '0': AMENT_PREFIX_PATH=/home/cyber/Desktop/HomeBot-ROS2-Navigation-main/install/robot_description:${AMENT_PREFIX_PATH} CMAKE_PREFIX_PATH=/home/cyber/Desktop/HomeBot-ROS2-Navigation-main/install/robot_description:/opt/ros/humble /usr/bin/cmake --build /home/cyber/Desktop/HomeBot-ROS2-Navigation-main/build/robot_simulation -- -j4 -l4
[3.362s] DEBUG:colcon.colcon_core.event_handler.log_command:Invoking command in '/home/cyber/Desktop/HomeBot-ROS2-Navigation-main/build/robot_simulation': AMENT_PREFIX_PATH=/home/cyber/Desktop/HomeBot-ROS2-Navigation-main/install/robot_description:${AMENT_PREFIX_PATH} CMAKE_PREFIX_PATH=/home/cyber/Desktop/HomeBot-ROS2-Navigation-main/install/robot_description:/opt/ros/humble /usr/bin/cmake --install /home/cyber/Desktop/HomeBot-ROS2-Navigation-main/build/robot_simulation
[3.399s] Level 1:colcon.colcon_core.environment:create_environment_scripts_only(robot_simulation)
[3.400s] Level 1:colcon.colcon_core.environment:checking '/home/cyber/Desktop/HomeBot-ROS2-Navigation-main/install/robot_simulation' for CMake module files
[3.400s] DEBUG:colcon.colcon_core.event_handler.log_command:Invoked command in '/home/cyber/Desktop/HomeBot-ROS2-Navigation-main/build/robot_simulation' returned '0': AMENT_PREFIX_PATH=/home/cyber/Desktop/HomeBot-ROS2-Navigation-main/install/robot_description:${AMENT_PREFIX_PATH} CMAKE_PREFIX_PATH=/home/cyber/Desktop/HomeBot-ROS2-Navigation-main/install/robot_description:/opt/ros/humble /usr/bin/cmake --install /home/cyber/Desktop/HomeBot-ROS2-Navigation-main/build/robot_simulation
[3.401s] Level 1:colcon.colcon_core.environment:checking '/home/cyber/Desktop/HomeBot-ROS2-Navigation-main/install/robot_simulation' for CMake config files
[3.401s] Level 1:colcon.colcon_core.shell:create_environment_hook('robot_simulation', 'cmake_prefix_path')
[3.401s] INFO:colcon.colcon_core.shell:Creating environment hook '/home/cyber/Desktop/HomeBot-ROS2-Navigation-main/install/robot_simulation/share/robot_simulation/hook/cmake_prefix_path.ps1'
[3.402s] INFO:colcon.colcon_core.shell:Creating environment descriptor '/home/cyber/Desktop/HomeBot-ROS2-Navigation-main/install/robot_simulation/share/robot_simulation/hook/cmake_prefix_path.dsv'
[3.402s] INFO:colcon.colcon_core.shell:Creating environment hook '/home/cyber/Desktop/HomeBot-ROS2-Navigation-main/install/robot_simulation/share/robot_simulation/hook/cmake_prefix_path.sh'
[3.403s] Level 1:colcon.colcon_core.environment:checking '/home/cyber/Desktop/HomeBot-ROS2-Navigation-main/install/robot_simulation/bin'
[3.403s] Level 1:colcon.colcon_core.environment:checking '/home/cyber/Desktop/HomeBot-ROS2-Navigation-main/install/robot_simulation/lib/pkgconfig/robot_simulation.pc'
[3.403s] Level 1:colcon.colcon_core.environment:checking '/home/cyber/Desktop/HomeBot-ROS2-Navigation-main/install/robot_simulation/lib/python3.10/site-packages'
[3.404s] Level 1:colcon.colcon_core.environment:checking '/home/cyber/Desktop/HomeBot-ROS2-Navigation-main/install/robot_simulation/bin'
[3.404s] INFO:colcon.colcon_core.shell:Creating package script '/home/cyber/Desktop/HomeBot-ROS2-Navigation-main/install/robot_simulation/share/robot_simulation/package.ps1'
[3.405s] INFO:colcon.colcon_core.shell:Creating package descriptor '/home/cyber/Desktop/HomeBot-ROS2-Navigation-main/install/robot_simulation/share/robot_simulation/package.dsv'
[3.405s] INFO:colcon.colcon_core.shell:Creating package script '/home/cyber/Desktop/HomeBot-ROS2-Navigation-main/install/robot_simulation/share/robot_simulation/package.sh'
[3.405s] INFO:colcon.colcon_core.shell:Creating package script '/home/cyber/Desktop/HomeBot-ROS2-Navigation-main/install/robot_simulation/share/robot_simulation/package.bash'
[3.406s] INFO:colcon.colcon_core.shell:Creating package script '/home/cyber/Desktop/HomeBot-ROS2-Navigation-main/install/robot_simulation/share/robot_simulation/package.zsh'
[3.406s] Level 1:colcon.colcon_core.environment:create_file_with_runtime_dependencies(/home/cyber/Desktop/HomeBot-ROS2-Navigation-main/install/robot_simulation/share/colcon-core/packages/robot_simulation)
[3.423s] Level 1:colcon.colcon_core.environment:create_environment_scripts_only(robot_simulation)
[3.423s] Level 1:colcon.colcon_core.environment:checking '/home/cyber/Desktop/HomeBot-ROS2-Navigation-main/install/robot_simulation' for CMake module files
[3.423s] Level 1:colcon.colcon_core.environment:checking '/home/cyber/Desktop/HomeBot-ROS2-Navigation-main/install/robot_simulation' for CMake config files
[3.424s] Level 1:colcon.colcon_core.shell:create_environment_hook('robot_simulation', 'cmake_prefix_path')
[3.424s] INFO:colcon.colcon_core.shell:Creating environment hook '/home/cyber/Desktop/HomeBot-ROS2-Navigation-main/install/robot_simulation/share/robot_simulation/hook/cmake_prefix_path.ps1'
[3.424s] INFO:colcon.colcon_core.shell:Creating environment descriptor '/home/cyber/Desktop/HomeBot-ROS2-Navigation-main/install/robot_simulation/share/robot_simulation/hook/cmake_prefix_path.dsv'
[3.424s] INFO:colcon.colcon_core.shell:Creating environment hook '/home/cyber/Desktop/HomeBot-ROS2-Navigation-main/install/robot_simulation/share/robot_simulation/hook/cmake_prefix_path.sh'
[3.425s] Level 1:colcon.colcon_core.environment:checking '/home/cyber/Desktop/HomeBot-ROS2-Navigation-main/install/robot_simulation/bin'
[3.425s] Level 1:colcon.colcon_core.environment:checking '/home/cyber/Desktop/HomeBot-ROS2-Navigation-main/install/robot_simulation/lib/pkgconfig/robot_simulation.pc'
[3.425s] Level 1:colcon.colcon_core.environment:checking '/home/cyber/Desktop/HomeBot-ROS2-Navigation-main/install/robot_simulation/lib/python3.10/site-packages'
[3.425s] Level 1:colcon.colcon_core.environment:checking '/home/cyber/Desktop/HomeBot-ROS2-Navigation-main/install/robot_simulation/bin'
[3.425s] INFO:colcon.colcon_core.shell:Creating package script '/home/cyber/Desktop/HomeBot-ROS2-Navigation-main/install/robot_simulation/share/robot_simulation/package.ps1'
[3.425s] INFO:colcon.colcon_core.shell:Creating package descriptor '/home/cyber/Desktop/HomeBot-ROS2-Navigation-main/install/robot_simulation/share/robot_simulation/package.dsv'
[3.426s] INFO:colcon.colcon_core.shell:Creating package script '/home/cyber/Desktop/HomeBot-ROS2-Navigation-main/install/robot_simulation/share/robot_simulation/package.sh'
[3.426s] INFO:colcon.colcon_core.shell:Creating package script '/home/cyber/Desktop/HomeBot-ROS2-Navigation-main/install/robot_simulation/share/robot_simulation/package.bash'
[3.426s] INFO:colcon.colcon_core.shell:Creating package script '/home/cyber/Desktop/HomeBot-ROS2-Navigation-main/install/robot_simulation/share/robot_simulation/package.zsh'
[3.426s] Level 1:colcon.colcon_core.environment:create_file_with_runtime_dependencies(/home/cyber/Desktop/HomeBot-ROS2-Navigation-main/install/robot_simulation/share/colcon-core/packages/robot_simulation)
[7.120s] DEBUG:colcon.colcon_core.event_handler.log_command:Invoking command in '/home/cyber/Desktop/HomeBot-ROS2-Navigation-main/src/robot_patrol': PYTHONPATH=/home/cyber/Desktop/HomeBot-ROS2-Navigation-main/build/robot_patrol/prefix_override:/home/cyber/Desktop/HomeBot-ROS2-Navigation-main/install/robot_patrol/lib/python3.10/site-packages:${PYTHONPATH} /usr/bin/python3 -W ignore:setup.py install is deprecated setup.py egg_info --egg-base ../../build/robot_patrol build --build-base /home/cyber/Desktop/HomeBot-ROS2-Navigation-main/build/robot_patrol/build install --record /home/cyber/Desktop/HomeBot-ROS2-Navigation-main/build/robot_patrol/install.log --single-version-externally-managed install_data
[7.581s] Level 1:colcon.colcon_core.environment:checking '/home/cyber/Desktop/HomeBot-ROS2-Navigation-main/install/robot_patrol' for CMake module files
[7.581s] DEBUG:colcon.colcon_core.event_handler.log_command:Invoked command in '/home/cyber/Desktop/HomeBot-ROS2-Navigation-main/src/robot_patrol' returned '0': PYTHONPATH=/home/cyber/Desktop/HomeBot-ROS2-Navigation-main/build/robot_patrol/prefix_override:/home/cyber/Desktop/HomeBot-ROS2-Navigation-main/install/robot_patrol/lib/python3.10/site-packages:${PYTHONPATH} /usr/bin/python3 -W ignore:setup.py install is deprecated setup.py egg_info --egg-base ../../build/robot_patrol build --build-base /home/cyber/Desktop/HomeBot-ROS2-Navigation-main/build/robot_patrol/build install --record /home/cyber/Desktop/HomeBot-ROS2-Navigation-main/build/robot_patrol/install.log --single-version-externally-managed install_data
[7.581s] Level 1:colcon.colcon_core.environment:checking '/home/cyber/Desktop/HomeBot-ROS2-Navigation-main/install/robot_patrol' for CMake config files
[7.582s] Level 1:colcon.colcon_core.environment:checking '/home/cyber/Desktop/HomeBot-ROS2-Navigation-main/install/robot_patrol/lib'
[7.582s] Level 1:colcon.colcon_core.environment:checking '/home/cyber/Desktop/HomeBot-ROS2-Navigation-main/install/robot_patrol/bin'
[7.582s] Level 1:colcon.colcon_core.environment:checking '/home/cyber/Desktop/HomeBot-ROS2-Navigation-main/install/robot_patrol/lib/pkgconfig/robot_patrol.pc'
[7.582s] Level 1:colcon.colcon_core.environment:checking '/home/cyber/Desktop/HomeBot-ROS2-Navigation-main/install/robot_patrol/lib/python3.10/site-packages'
[7.582s] Level 1:colcon.colcon_core.shell:create_environment_hook('robot_patrol', 'pythonpath')
[7.582s] INFO:colcon.colcon_core.shell:Creating environment hook '/home/cyber/Desktop/HomeBot-ROS2-Navigation-main/install/robot_patrol/share/robot_patrol/hook/pythonpath.ps1'
[7.588s] INFO:colcon.colcon_core.shell:Creating environment descriptor '/home/cyber/Desktop/HomeBot-ROS2-Navigation-main/install/robot_patrol/share/robot_patrol/hook/pythonpath.dsv'
[7.601s] INFO:colcon.colcon_core.shell:Creating environment hook '/home/cyber/Desktop/HomeBot-ROS2-Navigation-main/install/robot_patrol/share/robot_patrol/hook/pythonpath.sh'
[7.602s] Level 1:colcon.colcon_core.environment:checking '/home/cyber/Desktop/HomeBot-ROS2-Navigation-main/install/robot_patrol/bin'
[7.602s] Level 1:colcon.colcon_core.environment:create_environment_scripts_only(robot_patrol)
[7.602s] INFO:colcon.colcon_core.shell:Creating package script '/home/cyber/Desktop/HomeBot-ROS2-Navigation-main/install/robot_patrol/share/robot_patrol/package.ps1'
[7.602s] INFO:colcon.colcon_core.shell:Creating package descriptor '/home/cyber/Desktop/HomeBot-ROS2-Navigation-main/install/robot_patrol/share/robot_patrol/package.dsv'
[7.603s] INFO:colcon.colcon_core.shell:Creating package script '/home/cyber/Desktop/HomeBot-ROS2-Navigation-main/install/robot_patrol/share/robot_patrol/package.sh'
[7.603s] INFO:colcon.colcon_core.shell:Creating package script '/home/cyber/Desktop/HomeBot-ROS2-Navigation-main/install/robot_patrol/share/robot_patrol/package.bash'
[7.603s] INFO:colcon.colcon_core.shell:Creating package script '/home/cyber/Desktop/HomeBot-ROS2-Navigation-main/install/robot_patrol/share/robot_patrol/package.zsh'
[7.604s] Level 1:colcon.colcon_core.environment:create_file_with_runtime_dependencies(/home/cyber/Desktop/HomeBot-ROS2-Navigation-main/install/robot_patrol/share/colcon-core/packages/robot_patrol)
[7.604s] DEBUG:colcon.colcon_parallel_executor.executor.parallel:closing loop
[7.604s] DEBUG:colcon.colcon_parallel_executor.executor.parallel:loop closed
[7.604s] DEBUG:colcon.colcon_parallel_executor.executor.parallel:run_until_complete finished with '0'
[7.604s] DEBUG:colcon.colcon_core.event_reactor:joining thread
[7.806s] INFO:colcon.colcon_core.plugin_system:Skipping extension 'colcon_notification.desktop_notification.terminal_notifier': Not used on non-Darwin systems
[7.806s] INFO:colcon.colcon_core.plugin_system:Skipping extension 'colcon_notification.desktop_notification.win32': Not used on non-Windows systems
[7.806s] INFO:colcon.colcon_notification.desktop_notification:Sending desktop notification using 'notify2'
[7.818s] DEBUG:colcon.colcon_core.event_reactor:joined thread
[7.818s] INFO:colcon.colcon_core.shell:Creating prefix script '/home/cyber/Desktop/HomeBot-ROS2-Navigation-main/install/local_setup.ps1'
[7.850s] INFO:colcon.colcon_core.shell:Creating prefix util module '/home/cyber/Desktop/HomeBot-ROS2-Navigation-main/install/_local_setup_util_ps1.py'
[7.864s] INFO:colcon.colcon_core.shell:Creating prefix chain script '/home/cyber/Desktop/HomeBot-ROS2-Navigation-main/install/setup.ps1'
[7.871s] INFO:colcon.colcon_core.shell:Creating prefix script '/home/cyber/Desktop/HomeBot-ROS2-Navigation-main/install/local_setup.sh'
[7.919s] INFO:colcon.colcon_core.shell:Creating prefix util module '/home/cyber/Desktop/HomeBot-ROS2-Navigation-main/install/_local_setup_util_sh.py'
[7.920s] INFO:colcon.colcon_core.shell:Creating prefix chain script '/home/cyber/Desktop/HomeBot-ROS2-Navigation-main/install/setup.sh'
[7.922s] INFO:colcon.colcon_core.shell:Creating prefix script '/home/cyber/Desktop/HomeBot-ROS2-Navigation-main/install/local_setup.bash'
[7.923s] INFO:colcon.colcon_core.shell:Creating prefix chain script '/home/cyber/Desktop/HomeBot-ROS2-Navigation-main/install/setup.bash'
[7.926s] INFO:colcon.colcon_core.shell:Creating prefix script '/home/cyber/Desktop/HomeBot-ROS2-Navigation-main/install/local_setup.zsh'
[7.930s] INFO:colcon.colcon_core.shell:Creating prefix chain script '/home/cyber/Desktop/HomeBot-ROS2-Navigation-main/install/setup.zsh'
