-- Install configuration: ""
-- Up-to-date: /home/cyber/Desktop/HomeBot-ROS2-Navigation-main/install/robot_simulation/share/robot_simulation/launch
-- Up-to-date: /home/cyber/Desktop/HomeBot-ROS2-Navigation-main/install/robot_simulation/share/robot_simulation/launch/house_sim.launch.py
-- Up-to-date: /home/cyber/Desktop/HomeBot-ROS2-Navigation-main/install/robot_simulation/share/robot_simulation/launch/autonomous_navigation.launch.py
-- Up-to-date: /home/cyber/Desktop/HomeBot-ROS2-Navigation-main/install/robot_simulation/share/robot_simulation/launch/house_slam.launch.py
-- Up-to-date: /home/cyber/Desktop/HomeBot-ROS2-Navigation-main/install/robot_simulation/share/robot_simulation/config
-- Up-to-date: /home/cyber/Desktop/HomeBot-ROS2-Navigation-main/install/robot_simulation/share/robot_simulation/config/nav2_config.rviz
-- Up-to-date: /home/cyber/Desktop/HomeBot-ROS2-Navigation-main/install/robot_simulation/share/robot_simulation/config/ekf.yaml
-- Up-to-date: /home/cyber/Desktop/HomeBot-ROS2-Navigation-main/install/robot_simulation/share/robot_simulation/worlds
-- Up-to-date: /home/cyber/Desktop/HomeBot-ROS2-Navigation-main/install/robot_simulation/share/robot_simulation/worlds/house.world
-- Up-to-date: /home/cyber/Desktop/HomeBot-ROS2-Navigation-main/install/robot_simulation/share/robot_simulation/maps
-- Up-to-date: /home/cyber/Desktop/HomeBot-ROS2-Navigation-main/install/robot_simulation/share/robot_simulation/maps/house_map.pgm
-- Up-to-date: /home/cyber/Desktop/HomeBot-ROS2-Navigation-main/install/robot_simulation/share/robot_simulation/maps/house_map.yaml
-- Up-to-date: /home/cyber/Desktop/HomeBot-ROS2-Navigation-main/install/robot_simulation/share/robot_simulation/params
-- Up-to-date: /home/cyber/Desktop/HomeBot-ROS2-Navigation-main/install/robot_simulation/share/robot_simulation/params/nav2_params.yaml
-- Up-to-date: /home/cyber/Desktop/HomeBot-ROS2-Navigation-main/install/robot_simulation/share/ament_index/resource_index/package_run_dependencies/robot_simulation
-- Up-to-date: /home/cyber/Desktop/HomeBot-ROS2-Navigation-main/install/robot_simulation/share/ament_index/resource_index/parent_prefix_path/robot_simulation
-- Up-to-date: /home/cyber/Desktop/HomeBot-ROS2-Navigation-main/install/robot_simulation/share/robot_simulation/environment/ament_prefix_path.sh
-- Up-to-date: /home/cyber/Desktop/HomeBot-ROS2-Navigation-main/install/robot_simulation/share/robot_simulation/environment/ament_prefix_path.dsv
-- Up-to-date: /home/cyber/Desktop/HomeBot-ROS2-Navigation-main/install/robot_simulation/share/robot_simulation/environment/path.sh
-- Up-to-date: /home/cyber/Desktop/HomeBot-ROS2-Navigation-main/install/robot_simulation/share/robot_simulation/environment/path.dsv
-- Up-to-date: /home/cyber/Desktop/HomeBot-ROS2-Navigation-main/install/robot_simulation/share/robot_simulation/local_setup.bash
-- Up-to-date: /home/cyber/Desktop/HomeBot-ROS2-Navigation-main/install/robot_simulation/share/robot_simulation/local_setup.sh
-- Up-to-date: /home/cyber/Desktop/HomeBot-ROS2-Navigation-main/install/robot_simulation/share/robot_simulation/local_setup.zsh
-- Up-to-date: /home/cyber/Desktop/HomeBot-ROS2-Navigation-main/install/robot_simulation/share/robot_simulation/local_setup.dsv
-- Installing: /home/cyber/Desktop/HomeBot-ROS2-Navigation-main/install/robot_simulation/share/robot_simulation/package.dsv
-- Up-to-date: /home/cyber/Desktop/HomeBot-ROS2-Navigation-main/install/robot_simulation/share/ament_index/resource_index/packages/robot_simulation
-- Up-to-date: /home/cyber/Desktop/HomeBot-ROS2-Navigation-main/install/robot_simulation/share/robot_simulation/cmake/robot_simulationConfig.cmake
-- Up-to-date: /home/cyber/Desktop/HomeBot-ROS2-Navigation-main/install/robot_simulation/share/robot_simulation/cmake/robot_simulationConfig-version.cmake
-- Up-to-date: /home/cyber/Desktop/HomeBot-ROS2-Navigation-main/install/robot_simulation/share/robot_simulation/package.xml
