[0.033s] Invoking command in '/home/cyber/Desktop/HomeBot-ROS2-Navigation-main/build/robot_description': CMAKE_PREFIX_PATH=${CMAKE_PREFIX_PATH}:/home/cyber/Desktop/HomeBot-ROS2-Navigation-main/install/robot_patrol:/opt/ros/humble /usr/bin/cmake --build /home/cyber/Desktop/HomeBot-ROS2-Navigation-main/build/robot_description -- -j4 -l4
[0.204s] Invoked command in '/home/cyber/Desktop/HomeBot-ROS2-Navigation-main/build/robot_description' returned '0': CMAKE_PREFIX_PATH=${CMAKE_PREFIX_PATH}:/home/cyber/Desktop/HomeBot-ROS2-Navigation-main/install/robot_patrol:/opt/ros/humble /usr/bin/cmake --build /home/cyber/Desktop/HomeBot-ROS2-Navigation-main/build/robot_description -- -j4 -l4
[0.225s] Invoking command in '/home/cyber/Desktop/HomeBot-ROS2-Navigation-main/build/robot_description': CMAKE_PREFIX_PATH=${CMAKE_PREFIX_PATH}:/home/cyber/Desktop/HomeBot-ROS2-Navigation-main/install/robot_patrol:/opt/ros/humble /usr/bin/cmake --install /home/cyber/Desktop/HomeBot-ROS2-Navigation-main/build/robot_description
[0.231s] -- Install configuration: ""
[0.231s] -- Up-to-date: /home/cyber/Desktop/HomeBot-ROS2-Navigation-main/install/robot_description/share/robot_description/launch
[0.231s] -- Up-to-date: /home/cyber/Desktop/HomeBot-ROS2-Navigation-main/install/robot_description/share/robot_description/launch/gazebo.launch.xml
[0.231s] -- Installing: /home/cyber/Desktop/HomeBot-ROS2-Navigation-main/install/robot_description/share/robot_description/launch/display.launch.xml
[0.231s] -- Up-to-date: /home/cyber/Desktop/HomeBot-ROS2-Navigation-main/install/robot_description/share/robot_description/urdf
[0.232s] -- Up-to-date: /home/cyber/Desktop/HomeBot-ROS2-Navigation-main/install/robot_description/share/robot_description/urdf/lidar.xacro
[0.232s] -- Up-to-date: /home/cyber/Desktop/HomeBot-ROS2-Navigation-main/install/robot_description/share/robot_description/urdf/common_properties.xacro
[0.232s] -- Up-to-date: /home/cyber/Desktop/HomeBot-ROS2-Navigation-main/install/robot_description/share/robot_description/urdf/mobile_robot_base.xacro
[0.232s] -- Up-to-date: /home/cyber/Desktop/HomeBot-ROS2-Navigation-main/install/robot_description/share/robot_description/urdf/camera.xacro
[0.232s] -- Up-to-date: /home/cyber/Desktop/HomeBot-ROS2-Navigation-main/install/robot_description/share/robot_description/urdf/mobile_robot.urdf.xacro
[0.232s] -- Up-to-date: /home/cyber/Desktop/HomeBot-ROS2-Navigation-main/install/robot_description/share/robot_description/urdf/mobile_robot_gazebo.xacro
[0.232s] -- Up-to-date: /home/cyber/Desktop/HomeBot-ROS2-Navigation-main/install/robot_description/share/robot_description/meshes
[0.232s] -- Up-to-date: /home/cyber/Desktop/HomeBot-ROS2-Navigation-main/install/robot_description/share/robot_description/meshes/wheel.dae
[0.232s] -- Up-to-date: /home/cyber/Desktop/HomeBot-ROS2-Navigation-main/install/robot_description/share/robot_description/meshes/motor.dae
[0.232s] -- Up-to-date: /home/cyber/Desktop/HomeBot-ROS2-Navigation-main/install/robot_description/share/robot_description/meshes/rplidar.dae
[0.232s] -- Up-to-date: /home/cyber/Desktop/HomeBot-ROS2-Navigation-main/install/robot_description/share/robot_description/meshes/camera.dae
[0.232s] -- Up-to-date: /home/cyber/Desktop/HomeBot-ROS2-Navigation-main/install/robot_description/share/robot_description/meshes/ubase_link.dae
[0.232s] -- Up-to-date: /home/cyber/Desktop/HomeBot-ROS2-Navigation-main/install/robot_description/share/robot_description/meshes/base_link.dae
[0.233s] -- Up-to-date: /home/cyber/Desktop/HomeBot-ROS2-Navigation-main/install/robot_description/share/robot_description/rviz
[0.233s] -- Up-to-date: /home/cyber/Desktop/HomeBot-ROS2-Navigation-main/install/robot_description/share/robot_description/rviz/urdf_config.rviz
[0.233s] -- Up-to-date: /home/cyber/Desktop/HomeBot-ROS2-Navigation-main/install/robot_description/share/robot_description/rviz/gazebo_config.rviz
[0.233s] -- Up-to-date: /home/cyber/Desktop/HomeBot-ROS2-Navigation-main/install/robot_description/share/ament_index/resource_index/package_run_dependencies/robot_description
[0.233s] -- Up-to-date: /home/cyber/Desktop/HomeBot-ROS2-Navigation-main/install/robot_description/share/ament_index/resource_index/parent_prefix_path/robot_description
[0.233s] -- Up-to-date: /home/cyber/Desktop/HomeBot-ROS2-Navigation-main/install/robot_description/share/robot_description/environment/ament_prefix_path.sh
[0.233s] -- Up-to-date: /home/cyber/Desktop/HomeBot-ROS2-Navigation-main/install/robot_description/share/robot_description/environment/ament_prefix_path.dsv
[0.234s] -- Up-to-date: /home/cyber/Desktop/HomeBot-ROS2-Navigation-main/install/robot_description/share/robot_description/environment/path.sh
[0.234s] -- Up-to-date: /home/cyber/Desktop/HomeBot-ROS2-Navigation-main/install/robot_description/share/robot_description/environment/path.dsv
[0.234s] -- Up-to-date: /home/cyber/Desktop/HomeBot-ROS2-Navigation-main/install/robot_description/share/robot_description/local_setup.bash
[0.234s] -- Up-to-date: /home/cyber/Desktop/HomeBot-ROS2-Navigation-main/install/robot_description/share/robot_description/local_setup.sh
[0.234s] -- Up-to-date: /home/cyber/Desktop/HomeBot-ROS2-Navigation-main/install/robot_description/share/robot_description/local_setup.zsh
[0.235s] -- Up-to-date: /home/cyber/Desktop/HomeBot-ROS2-Navigation-main/install/robot_description/share/robot_description/local_setup.dsv
[0.235s] -- Installing: /home/cyber/Desktop/HomeBot-ROS2-Navigation-main/install/robot_description/share/robot_description/package.dsv
[0.235s] -- Up-to-date: /home/cyber/Desktop/HomeBot-ROS2-Navigation-main/install/robot_description/share/ament_index/resource_index/packages/robot_description
[0.235s] -- Up-to-date: /home/cyber/Desktop/HomeBot-ROS2-Navigation-main/install/robot_description/share/robot_description/cmake/robot_descriptionConfig.cmake
[0.235s] -- Up-to-date: /home/cyber/Desktop/HomeBot-ROS2-Navigation-main/install/robot_description/share/robot_description/cmake/robot_descriptionConfig-version.cmake
[0.235s] -- Up-to-date: /home/cyber/Desktop/HomeBot-ROS2-Navigation-main/install/robot_description/share/robot_description/package.xml
[0.235s] Invoked command in '/home/cyber/Desktop/HomeBot-ROS2-Navigation-main/build/robot_description' returned '0': CMAKE_PREFIX_PATH=${CMAKE_PREFIX_PATH}:/home/cyber/Desktop/HomeBot-ROS2-Navigation-main/install/robot_patrol:/opt/ros/humble /usr/bin/cmake --install /home/cyber/Desktop/HomeBot-ROS2-Navigation-main/build/robot_description
