running egg_info
writing ../../build/robot_patrol/robot_patrol.egg-info/PKG-INFO
writing dependency_links to ../../build/robot_patrol/robot_patrol.egg-info/dependency_links.txt
writing entry points to ../../build/robot_patrol/robot_patrol.egg-info/entry_points.txt
writing requirements to ../../build/robot_patrol/robot_patrol.egg-info/requires.txt
writing top-level names to ../../build/robot_patrol/robot_patrol.egg-info/top_level.txt
reading manifest file '../../build/robot_patrol/robot_patrol.egg-info/SOURCES.txt'
adding license file 'LICENSE'
writing manifest file '../../build/robot_patrol/robot_patrol.egg-info/SOURCES.txt'
running build
running build_py
running install
running install_lib
running install_data
running install_egg_info
removing '/home/cyber/Desktop/HomeBot-ROS2-Navigation-main/install/robot_patrol/lib/python3.10/site-packages/robot_patrol-0.0.0-py3.10.egg-info' (and everything under it)
Copying ../../build/robot_patrol/robot_patrol.egg-info to /home/cyber/Desktop/HomeBot-ROS2-Navigation-main/install/robot_patrol/lib/python3.10/site-packages/robot_patrol-0.0.0-py3.10.egg-info
running install_scripts
Installing robot_patrol script to /home/cyber/Desktop/HomeBot-ROS2-Navigation-main/install/robot_patrol/lib/robot_patrol
writing list of installed files to '/home/cyber/Desktop/HomeBot-ROS2-Navigation-main/build/robot_patrol/install.log'
