[0.023s] Invoking command in '/home/cyber/Desktop/HomeBot-ROS2-Navigation-main/build/robot_simulation': CMAKE_PREFIX_PATH=/home/cyber/Desktop/HomeBot-ROS2-Navigation-main/install/robot_description:/home/cyber/Desktop/HomeBot-ROS2-Navigation-main/install/robot_simulation:/home/cyber/Desktop/HomeBot-ROS2-Navigation-main/install/robot_patrol:/opt/ros/humble /usr/bin/cmake --build /home/cyber/Desktop/HomeBot-ROS2-Navigation-main/build/robot_simulation -- -j4 -l4
[0.050s] Invoked command in '/home/cyber/Desktop/HomeBot-ROS2-Navigation-main/build/robot_simulation' returned '0': CMAKE_PREFIX_PATH=/home/cyber/Desktop/HomeBot-ROS2-Navigation-main/install/robot_description:/home/cyber/Desktop/HomeBot-ROS2-Navigation-main/install/robot_simulation:/home/cyber/Desktop/HomeBot-ROS2-Navigation-main/install/robot_patrol:/opt/ros/humble /usr/bin/cmake --build /home/cyber/Desktop/HomeBot-ROS2-Navigation-main/build/robot_simulation -- -j4 -l4
[0.073s] Invoking command in '/home/cyber/Desktop/HomeBot-ROS2-Navigation-main/build/robot_simulation': CMAKE_PREFIX_PATH=/home/cyber/Desktop/HomeBot-ROS2-Navigation-main/install/robot_description:/home/cyber/Desktop/HomeBot-ROS2-Navigation-main/install/robot_simulation:/home/cyber/Desktop/HomeBot-ROS2-Navigation-main/install/robot_patrol:/opt/ros/humble /usr/bin/cmake --install /home/cyber/Desktop/HomeBot-ROS2-Navigation-main/build/robot_simulation
[0.079s] -- Install configuration: ""
[0.079s] -- Up-to-date: /home/cyber/Desktop/HomeBot-ROS2-Navigation-main/install/robot_simulation/share/robot_simulation/launch
[0.079s] -- Up-to-date: /home/cyber/Desktop/HomeBot-ROS2-Navigation-main/install/robot_simulation/share/robot_simulation/launch/house_sim.launch.py
[0.079s] -- Up-to-date: /home/cyber/Desktop/HomeBot-ROS2-Navigation-main/install/robot_simulation/share/robot_simulation/launch/autonomous_navigation.launch.py
[0.079s] -- Up-to-date: /home/cyber/Desktop/HomeBot-ROS2-Navigation-main/install/robot_simulation/share/robot_simulation/launch/house_slam.launch.py
[0.080s] -- Up-to-date: /home/cyber/Desktop/HomeBot-ROS2-Navigation-main/install/robot_simulation/share/robot_simulation/config
[0.080s] -- Up-to-date: /home/cyber/Desktop/HomeBot-ROS2-Navigation-main/install/robot_simulation/share/robot_simulation/config/nav2_config.rviz
[0.080s] -- Up-to-date: /home/cyber/Desktop/HomeBot-ROS2-Navigation-main/install/robot_simulation/share/robot_simulation/config/ekf.yaml
[0.080s] -- Up-to-date: /home/cyber/Desktop/HomeBot-ROS2-Navigation-main/install/robot_simulation/share/robot_simulation/worlds
[0.080s] -- Up-to-date: /home/cyber/Desktop/HomeBot-ROS2-Navigation-main/install/robot_simulation/share/robot_simulation/worlds/house.world
[0.080s] -- Up-to-date: /home/cyber/Desktop/HomeBot-ROS2-Navigation-main/install/robot_simulation/share/robot_simulation/maps
[0.080s] -- Up-to-date: /home/cyber/Desktop/HomeBot-ROS2-Navigation-main/install/robot_simulation/share/robot_simulation/maps/house_map.pgm
[0.080s] -- Up-to-date: /home/cyber/Desktop/HomeBot-ROS2-Navigation-main/install/robot_simulation/share/robot_simulation/maps/house_map.yaml
[0.080s] -- Up-to-date: /home/cyber/Desktop/HomeBot-ROS2-Navigation-main/install/robot_simulation/share/robot_simulation/params
[0.080s] -- Up-to-date: /home/cyber/Desktop/HomeBot-ROS2-Navigation-main/install/robot_simulation/share/robot_simulation/params/nav2_params.yaml
[0.080s] -- Up-to-date: /home/cyber/Desktop/HomeBot-ROS2-Navigation-main/install/robot_simulation/share/ament_index/resource_index/package_run_dependencies/robot_simulation
[0.080s] -- Up-to-date: /home/cyber/Desktop/HomeBot-ROS2-Navigation-main/install/robot_simulation/share/ament_index/resource_index/parent_prefix_path/robot_simulation
[0.080s] -- Up-to-date: /home/cyber/Desktop/HomeBot-ROS2-Navigation-main/install/robot_simulation/share/robot_simulation/environment/ament_prefix_path.sh
[0.080s] -- Up-to-date: /home/cyber/Desktop/HomeBot-ROS2-Navigation-main/install/robot_simulation/share/robot_simulation/environment/ament_prefix_path.dsv
[0.081s] -- Up-to-date: /home/cyber/Desktop/HomeBot-ROS2-Navigation-main/install/robot_simulation/share/robot_simulation/environment/path.sh
[0.081s] -- Up-to-date: /home/cyber/Desktop/HomeBot-ROS2-Navigation-main/install/robot_simulation/share/robot_simulation/environment/path.dsv
[0.081s] -- Up-to-date: /home/cyber/Desktop/HomeBot-ROS2-Navigation-main/install/robot_simulation/share/robot_simulation/local_setup.bash
[0.081s] -- Up-to-date: /home/cyber/Desktop/HomeBot-ROS2-Navigation-main/install/robot_simulation/share/robot_simulation/local_setup.sh
[0.081s] -- Up-to-date: /home/cyber/Desktop/HomeBot-ROS2-Navigation-main/install/robot_simulation/share/robot_simulation/local_setup.zsh
[0.081s] -- Up-to-date: /home/cyber/Desktop/HomeBot-ROS2-Navigation-main/install/robot_simulation/share/robot_simulation/local_setup.dsv
[0.081s] -- Installing: /home/cyber/Desktop/HomeBot-ROS2-Navigation-main/install/robot_simulation/share/robot_simulation/package.dsv
[0.081s] -- Up-to-date: /home/cyber/Desktop/HomeBot-ROS2-Navigation-main/install/robot_simulation/share/ament_index/resource_index/packages/robot_simulation
[0.081s] -- Up-to-date: /home/cyber/Desktop/HomeBot-ROS2-Navigation-main/install/robot_simulation/share/robot_simulation/cmake/robot_simulationConfig.cmake
[0.082s] -- Up-to-date: /home/cyber/Desktop/HomeBot-ROS2-Navigation-main/install/robot_simulation/share/robot_simulation/cmake/robot_simulationConfig-version.cmake
[0.082s] -- Up-to-date: /home/cyber/Desktop/HomeBot-ROS2-Navigation-main/install/robot_simulation/share/robot_simulation/package.xml
[0.083s] Invoked command in '/home/cyber/Desktop/HomeBot-ROS2-Navigation-main/build/robot_simulation' returned '0': CMAKE_PREFIX_PATH=/home/cyber/Desktop/HomeBot-ROS2-Navigation-main/install/robot_description:/home/cyber/Desktop/HomeBot-ROS2-Navigation-main/install/robot_simulation:/home/cyber/Desktop/HomeBot-ROS2-Navigation-main/install/robot_patrol:/opt/ros/humble /usr/bin/cmake --install /home/cyber/Desktop/HomeBot-ROS2-Navigation-main/build/robot_simulation
